<?xml version="1.0" encoding="UTF-8"?>
<<<<<<< HEAD
<testsuite xmlns:xsi="http://www.w3.org/2001/XMLSchema-instance" xsi:noNamespaceSchemaLocation="https://maven.apache.org/surefire/maven-surefire-plugin/xsd/surefire-test-report.xsd" name="com.mohism.pudding.AppTest" time="0.266" tests="1" errors="0" skipped="0" failures="0">
=======
<testsuite xmlns:xsi="http://www.w3.org/2001/XMLSchema-instance" xsi:noNamespaceSchemaLocation="https://maven.apache.org/surefire/maven-surefire-plugin/xsd/surefire-test-report.xsd" name="com.mohism.pudding.AppTest" time="0.089" tests="1" errors="0" skipped="0" failures="0">
>>>>>>> 6e03d054f2d17df5236dd5f2b917fcc7f11236de
  <properties>
    <property name="sun.desktop" value="windows"/>
    <property name="awt.toolkit" value="sun.awt.windows.WToolkit"/>
    <property name="file.encoding.pkg" value="sun.io"/>
    <property name="java.specification.version" value="1.8"/>
    <property name="sun.cpu.isalist" value="amd64"/>
    <property name="sun.jnu.encoding" value="GBK"/>
    <property name="java.class.path" value="F:\workspace\pudding-kernel\kernel-sign\target\test-classes;F:\workspace\pudding-kernel\kernel-sign\target\classes;F:\workspace\pudding-kernel\kernel-core\target\kernel-core-0.0.1.jar;F:\workspace\pudding-kernel\kernel-model\target\kernel-model-0.0.1.jar;D:\developEnviromentQY\IDE\MAVEN\618Repository\cn\hutool\hutool-core\4.4.0\hutool-core-4.4.0.jar;D:\developEnviromentQY\IDE\MAVEN\618Repository\mysql\mysql-connector-java\8.0.15\mysql-connector-java-8.0.15.jar;D:\developEnviromentQY\IDE\MAVEN\618Repository\com\baomidou\mybatis-plus-boot-starter\3.1.0\mybatis-plus-boot-starter-3.1.0.jar;D:\developEnviromentQY\IDE\MAVEN\618Repository\com\baomidou\mybatis-plus\3.1.0\mybatis-plus-3.1.0.jar;D:\developEnviromentQY\IDE\MAVEN\618Repository\com\baomidou\mybatis-plus-extension\3.1.0\mybatis-plus-extension-3.1.0.jar;D:\developEnviromentQY\IDE\MAVEN\618Repository\com\baomidou\mybatis-plus-core\3.1.0\mybatis-plus-core-3.1.0.jar;D:\developEnviromentQY\IDE\MAVEN\618Repository\com\baomidou\mybatis-plus-annotation\3.1.0\mybatis-plus-annotation-3.1.0.jar;D:\developEnviromentQY\IDE\MAVEN\618Repository\org\mybatis\mybatis\3.5.0\mybatis-3.5.0.jar;D:\developEnviromentQY\IDE\MAVEN\618Repository\com\github\jsqlparser\jsqlparser\1.4\jsqlparser-1.4.jar;D:\developEnviromentQY\IDE\MAVEN\618Repository\org\mybatis\mybatis-spring\2.0.0\mybatis-spring-2.0.0.jar;D:\developEnviromentQY\IDE\MAVEN\618Repository\org\springframework\boot\spring-boot-starter-jdbc\2.1.4.RELEASE\spring-boot-starter-jdbc-2.1.4.RELEASE.jar;D:\developEnviromentQY\IDE\MAVEN\618Repository\com\zaxxer\HikariCP\3.2.0\HikariCP-3.2.0.jar;D:\developEnviromentQY\IDE\MAVEN\618Repository\org\springframework\spring-jdbc\5.1.6.RELEASE\spring-jdbc-5.1.6.RELEASE.jar;D:\developEnviromentQY\IDE\MAVEN\618Repository\org\springframework\spring-beans\5.1.6.RELEASE\spring-beans-5.1.6.RELEASE.jar;D:\developEnviromentQY\IDE\MAVEN\618Repository\org\springframework\spring-tx\5.1.6.RELEASE\spring-tx-5.1.6.RELEASE.jar;D:\developEnviromentQY\IDE\MAVEN\618Repository\com\alibaba\druid\1.1.12\druid-1.1.12.jar;D:\developEnviromentQY\IDE\MAVEN\618Repository\com\alibaba\fastjson\1.2.56\fastjson-1.2.56.jar;D:\developEnviromentQY\IDE\MAVEN\618Repository\org\springframework\boot\spring-boot-starter-aop\2.1.4.RELEASE\spring-boot-starter-aop-2.1.4.RELEASE.jar;D:\developEnviromentQY\IDE\MAVEN\618Repository\org\springframework\spring-aop\5.1.6.RELEASE\spring-aop-5.1.6.RELEASE.jar;D:\developEnviromentQY\IDE\MAVEN\618Repository\org\aspectj\aspectjweaver\1.9.2\aspectjweaver-1.9.2.jar;D:\developEnviromentQY\IDE\MAVEN\618Repository\org\springframework\boot\spring-boot-starter\2.1.4.RELEASE\spring-boot-starter-2.1.4.RELEASE.jar;D:\developEnviromentQY\IDE\MAVEN\618Repository\org\springframework\boot\spring-boot\2.1.4.RELEASE\spring-boot-2.1.4.RELEASE.jar;D:\developEnviromentQY\IDE\MAVEN\618Repository\org\springframework\spring-context\5.1.6.RELEASE\spring-context-5.1.6.RELEASE.jar;D:\developEnviromentQY\IDE\MAVEN\618Repository\org\springframework\spring-expression\5.1.6.RELEASE\spring-expression-5.1.6.RELEASE.jar;D:\developEnviromentQY\IDE\MAVEN\618Repository\org\springframework\boot\spring-boot-autoconfigure\2.1.4.RELEASE\spring-boot-autoconfigure-2.1.4.RELEASE.jar;D:\developEnviromentQY\IDE\MAVEN\618Repository\org\springframework\boot\spring-boot-starter-logging\2.1.4.RELEASE\spring-boot-starter-logging-2.1.4.RELEASE.jar;D:\developEnviromentQY\IDE\MAVEN\618Repository\ch\qos\logback\logback-classic\1.2.3\logback-classic-1.2.3.jar;D:\developEnviromentQY\IDE\MAVEN\618Repository\ch\qos\logback\logback-core\1.2.3\logback-core-1.2.3.jar;D:\developEnviromentQY\IDE\MAVEN\618Repository\org\apache\logging\log4j\log4j-to-slf4j\2.11.2\log4j-to-slf4j-2.11.2.jar;D:\developEnviromentQY\IDE\MAVEN\618Repository\org\apache\logging\log4j\log4j-api\2.11.2\log4j-api-2.11.2.jar;D:\developEnviromentQY\IDE\MAVEN\618Repository\org\slf4j\jul-to-slf4j\1.7.26\jul-to-slf4j-1.7.26.jar;D:\developEnviromentQY\IDE\MAVEN\618Repository\javax\annotation\javax.annotation-api\1.3.2\javax.annotation-api-1.3.2.jar;D:\developEnviromentQY\IDE\MAVEN\618Repository\org\springframework\spring-core\5.1.6.RELEASE\spring-core-5.1.6.RELEASE.jar;D:\developEnviromentQY\IDE\MAVEN\618Repository\org\springframework\spring-jcl\5.1.6.RELEASE\spring-jcl-5.1.6.RELEASE.jar;D:\developEnviromentQY\IDE\MAVEN\618Repository\org\yaml\snakeyaml\1.23\snakeyaml-1.23.jar;D:\developEnviromentQY\IDE\MAVEN\618Repository\org\projectlombok\lombok\1.18.4\lombok-1.18.4.jar;D:\developEnviromentQY\IDE\MAVEN\618Repository\org\springframework\boot\spring-boot-configuration-processor\2.1.4.RELEASE\spring-boot-configuration-processor-2.1.4.RELEASE.jar;D:\developEnviromentQY\IDE\MAVEN\618Repository\org\springframework\boot\spring-boot-starter-test\2.1.4.RELEASE\spring-boot-starter-test-2.1.4.RELEASE.jar;D:\developEnviromentQY\IDE\MAVEN\618Repository\org\springframework\boot\spring-boot-test\2.1.4.RELEASE\spring-boot-test-2.1.4.RELEASE.jar;D:\developEnviromentQY\IDE\MAVEN\618Repository\org\springframework\boot\spring-boot-test-autoconfigure\2.1.4.RELEASE\spring-boot-test-autoconfigure-2.1.4.RELEASE.jar;D:\developEnviromentQY\IDE\MAVEN\618Repository\com\jayway\jsonpath\json-path\2.4.0\json-path-2.4.0.jar;D:\developEnviromentQY\IDE\MAVEN\618Repository\net\minidev\json-smart\2.3\json-smart-2.3.jar;D:\developEnviromentQY\IDE\MAVEN\618Repository\net\minidev\accessors-smart\1.2\accessors-smart-1.2.jar;D:\developEnviromentQY\IDE\MAVEN\618Repository\org\ow2\asm\asm\5.0.4\asm-5.0.4.jar;D:\developEnviromentQY\IDE\MAVEN\618Repository\org\slf4j\slf4j-api\1.7.26\slf4j-api-1.7.26.jar;D:\developEnviromentQY\IDE\MAVEN\618Repository\junit\junit\4.12\junit-4.12.jar;D:\developEnviromentQY\IDE\MAVEN\618Repository\org\assertj\assertj-core\3.11.1\assertj-core-3.11.1.jar;D:\developEnviromentQY\IDE\MAVEN\618Repository\org\mockito\mockito-core\2.23.4\mockito-core-2.23.4.jar;D:\developEnviromentQY\IDE\MAVEN\618Repository\net\bytebuddy\byte-buddy\1.9.12\byte-buddy-1.9.12.jar;D:\developEnviromentQY\IDE\MAVEN\618Repository\net\bytebuddy\byte-buddy-agent\1.9.12\byte-buddy-agent-1.9.12.jar;D:\developEnviromentQY\IDE\MAVEN\618Repository\org\objenesis\objenesis\2.6\objenesis-2.6.jar;D:\developEnviromentQY\IDE\MAVEN\618Repository\org\hamcrest\hamcrest-core\1.3\hamcrest-core-1.3.jar;D:\developEnviromentQY\IDE\MAVEN\618Repository\org\hamcrest\hamcrest-library\1.3\hamcrest-library-1.3.jar;D:\developEnviromentQY\IDE\MAVEN\618Repository\org\skyscreamer\jsonassert\1.5.0\jsonassert-1.5.0.jar;D:\developEnviromentQY\IDE\MAVEN\618Repository\com\vaadin\external\google\android-json\0.0.20131108.vaadin1\android-json-0.0.20131108.vaadin1.jar;D:\developEnviromentQY\IDE\MAVEN\618Repository\org\springframework\spring-test\5.1.6.RELEASE\spring-test-5.1.6.RELEASE.jar;D:\developEnviromentQY\IDE\MAVEN\618Repository\org\xmlunit\xmlunit-core\2.6.2\xmlunit-core-2.6.2.jar;"/>
    <property name="java.vm.vendor" value="Oracle Corporation"/>
    <property name="sun.arch.data.model" value="64"/>
    <property name="user.variant" value=""/>
    <property name="java.vendor.url" value="http://java.oracle.com/"/>
    <property name="user.timezone" value="Asia/Shanghai"/>
    <property name="java.vm.specification.version" value="1.8"/>
    <property name="os.name" value="Windows 7"/>
    <property name="user.country" value="CN"/>
    <property name="sun.java.launcher" value="SUN_STANDARD"/>
<<<<<<< HEAD
    <property name="sun.boot.library.path" value="D:\developEnviromentQY\jdk1.864\jdk1.8.0_131\jre\bin"/>
    <property name="sun.java.command" value="C:\Users\ADMINI~1\AppData\Local\Temp\surefire7873585887061490615\surefirebooter4336824364160816124.jar C:\Users\Administrator\AppData\Local\Temp\surefire7873585887061490615 2019-05-20T23-41-49_614-jvmRun1 surefire2854137569832304300tmp surefire_61153268025766869385tmp"/>
    <property name="surefire.test.class.path" value="F:\workspace\pudding-kernel\kernel-sign\target\test-classes;F:\workspace\pudding-kernel\kernel-sign\target\classes;F:\workspace\pudding-kernel\kernel-core\target\kernel-core-0.0.1.jar;F:\workspace\pudding-kernel\kernel-model\target\kernel-model-0.0.1.jar;D:\developEnviromentQY\IDE\MAVEN\618Repository\cn\hutool\hutool-core\4.4.0\hutool-core-4.4.0.jar;D:\developEnviromentQY\IDE\MAVEN\618Repository\mysql\mysql-connector-java\8.0.15\mysql-connector-java-8.0.15.jar;D:\developEnviromentQY\IDE\MAVEN\618Repository\com\baomidou\mybatis-plus-boot-starter\3.1.0\mybatis-plus-boot-starter-3.1.0.jar;D:\developEnviromentQY\IDE\MAVEN\618Repository\com\baomidou\mybatis-plus\3.1.0\mybatis-plus-3.1.0.jar;D:\developEnviromentQY\IDE\MAVEN\618Repository\com\baomidou\mybatis-plus-extension\3.1.0\mybatis-plus-extension-3.1.0.jar;D:\developEnviromentQY\IDE\MAVEN\618Repository\com\baomidou\mybatis-plus-core\3.1.0\mybatis-plus-core-3.1.0.jar;D:\developEnviromentQY\IDE\MAVEN\618Repository\com\baomidou\mybatis-plus-annotation\3.1.0\mybatis-plus-annotation-3.1.0.jar;D:\developEnviromentQY\IDE\MAVEN\618Repository\org\mybatis\mybatis\3.5.0\mybatis-3.5.0.jar;D:\developEnviromentQY\IDE\MAVEN\618Repository\com\github\jsqlparser\jsqlparser\1.4\jsqlparser-1.4.jar;D:\developEnviromentQY\IDE\MAVEN\618Repository\org\mybatis\mybatis-spring\2.0.0\mybatis-spring-2.0.0.jar;D:\developEnviromentQY\IDE\MAVEN\618Repository\org\springframework\boot\spring-boot-starter-jdbc\2.1.4.RELEASE\spring-boot-starter-jdbc-2.1.4.RELEASE.jar;D:\developEnviromentQY\IDE\MAVEN\618Repository\com\zaxxer\HikariCP\3.2.0\HikariCP-3.2.0.jar;D:\developEnviromentQY\IDE\MAVEN\618Repository\org\springframework\spring-jdbc\5.1.6.RELEASE\spring-jdbc-5.1.6.RELEASE.jar;D:\developEnviromentQY\IDE\MAVEN\618Repository\org\springframework\spring-beans\5.1.6.RELEASE\spring-beans-5.1.6.RELEASE.jar;D:\developEnviromentQY\IDE\MAVEN\618Repository\org\springframework\spring-tx\5.1.6.RELEASE\spring-tx-5.1.6.RELEASE.jar;D:\developEnviromentQY\IDE\MAVEN\618Repository\com\alibaba\druid\1.1.12\druid-1.1.12.jar;D:\developEnviromentQY\IDE\MAVEN\618Repository\com\alibaba\fastjson\1.2.56\fastjson-1.2.56.jar;D:\developEnviromentQY\IDE\MAVEN\618Repository\org\springframework\boot\spring-boot-starter-aop\2.1.4.RELEASE\spring-boot-starter-aop-2.1.4.RELEASE.jar;D:\developEnviromentQY\IDE\MAVEN\618Repository\org\springframework\spring-aop\5.1.6.RELEASE\spring-aop-5.1.6.RELEASE.jar;D:\developEnviromentQY\IDE\MAVEN\618Repository\org\aspectj\aspectjweaver\1.9.2\aspectjweaver-1.9.2.jar;D:\developEnviromentQY\IDE\MAVEN\618Repository\org\springframework\boot\spring-boot-starter\2.1.4.RELEASE\spring-boot-starter-2.1.4.RELEASE.jar;D:\developEnviromentQY\IDE\MAVEN\618Repository\org\springframework\boot\spring-boot\2.1.4.RELEASE\spring-boot-2.1.4.RELEASE.jar;D:\developEnviromentQY\IDE\MAVEN\618Repository\org\springframework\spring-context\5.1.6.RELEASE\spring-context-5.1.6.RELEASE.jar;D:\developEnviromentQY\IDE\MAVEN\618Repository\org\springframework\spring-expression\5.1.6.RELEASE\spring-expression-5.1.6.RELEASE.jar;D:\developEnviromentQY\IDE\MAVEN\618Repository\org\springframework\boot\spring-boot-autoconfigure\2.1.4.RELEASE\spring-boot-autoconfigure-2.1.4.RELEASE.jar;D:\developEnviromentQY\IDE\MAVEN\618Repository\org\springframework\boot\spring-boot-starter-logging\2.1.4.RELEASE\spring-boot-starter-logging-2.1.4.RELEASE.jar;D:\developEnviromentQY\IDE\MAVEN\618Repository\ch\qos\logback\logback-classic\1.2.3\logback-classic-1.2.3.jar;D:\developEnviromentQY\IDE\MAVEN\618Repository\ch\qos\logback\logback-core\1.2.3\logback-core-1.2.3.jar;D:\developEnviromentQY\IDE\MAVEN\618Repository\org\apache\logging\log4j\log4j-to-slf4j\2.11.2\log4j-to-slf4j-2.11.2.jar;D:\developEnviromentQY\IDE\MAVEN\618Repository\org\apache\logging\log4j\log4j-api\2.11.2\log4j-api-2.11.2.jar;D:\developEnviromentQY\IDE\MAVEN\618Repository\org\slf4j\jul-to-slf4j\1.7.26\jul-to-slf4j-1.7.26.jar;D:\developEnviromentQY\IDE\MAVEN\618Repository\javax\annotation\javax.annotation-api\1.3.2\javax.annotation-api-1.3.2.jar;D:\developEnviromentQY\IDE\MAVEN\618Repository\org\springframework\spring-core\5.1.6.RELEASE\spring-core-5.1.6.RELEASE.jar;D:\developEnviromentQY\IDE\MAVEN\618Repository\org\springframework\spring-jcl\5.1.6.RELEASE\spring-jcl-5.1.6.RELEASE.jar;D:\developEnviromentQY\IDE\MAVEN\618Repository\org\yaml\snakeyaml\1.23\snakeyaml-1.23.jar;D:\developEnviromentQY\IDE\MAVEN\618Repository\org\projectlombok\lombok\1.18.4\lombok-1.18.4.jar;D:\developEnviromentQY\IDE\MAVEN\618Repository\org\springframework\boot\spring-boot-configuration-processor\2.1.4.RELEASE\spring-boot-configuration-processor-2.1.4.RELEASE.jar;D:\developEnviromentQY\IDE\MAVEN\618Repository\org\springframework\boot\spring-boot-starter-test\2.1.4.RELEASE\spring-boot-starter-test-2.1.4.RELEASE.jar;D:\developEnviromentQY\IDE\MAVEN\618Repository\org\springframework\boot\spring-boot-test\2.1.4.RELEASE\spring-boot-test-2.1.4.RELEASE.jar;D:\developEnviromentQY\IDE\MAVEN\618Repository\org\springframework\boot\spring-boot-test-autoconfigure\2.1.4.RELEASE\spring-boot-test-autoconfigure-2.1.4.RELEASE.jar;D:\developEnviromentQY\IDE\MAVEN\618Repository\com\jayway\jsonpath\json-path\2.4.0\json-path-2.4.0.jar;D:\developEnviromentQY\IDE\MAVEN\618Repository\net\minidev\json-smart\2.3\json-smart-2.3.jar;D:\developEnviromentQY\IDE\MAVEN\618Repository\net\minidev\accessors-smart\1.2\accessors-smart-1.2.jar;D:\developEnviromentQY\IDE\MAVEN\618Repository\org\ow2\asm\asm\5.0.4\asm-5.0.4.jar;D:\developEnviromentQY\IDE\MAVEN\618Repository\org\slf4j\slf4j-api\1.7.26\slf4j-api-1.7.26.jar;D:\developEnviromentQY\IDE\MAVEN\618Repository\junit\junit\4.12\junit-4.12.jar;D:\developEnviromentQY\IDE\MAVEN\618Repository\org\assertj\assertj-core\3.11.1\assertj-core-3.11.1.jar;D:\developEnviromentQY\IDE\MAVEN\618Repository\org\mockito\mockito-core\2.23.4\mockito-core-2.23.4.jar;D:\developEnviromentQY\IDE\MAVEN\618Repository\net\bytebuddy\byte-buddy\1.9.12\byte-buddy-1.9.12.jar;D:\developEnviromentQY\IDE\MAVEN\618Repository\net\bytebuddy\byte-buddy-agent\1.9.12\byte-buddy-agent-1.9.12.jar;D:\developEnviromentQY\IDE\MAVEN\618Repository\org\objenesis\objenesis\2.6\objenesis-2.6.jar;D:\developEnviromentQY\IDE\MAVEN\618Repository\org\hamcrest\hamcrest-core\1.3\hamcrest-core-1.3.jar;D:\developEnviromentQY\IDE\MAVEN\618Repository\org\hamcrest\hamcrest-library\1.3\hamcrest-library-1.3.jar;D:\developEnviromentQY\IDE\MAVEN\618Repository\org\skyscreamer\jsonassert\1.5.0\jsonassert-1.5.0.jar;D:\developEnviromentQY\IDE\MAVEN\618Repository\com\vaadin\external\google\android-json\0.0.20131108.vaadin1\android-json-0.0.20131108.vaadin1.jar;D:\developEnviromentQY\IDE\MAVEN\618Repository\org\springframework\spring-test\5.1.6.RELEASE\spring-test-5.1.6.RELEASE.jar;D:\developEnviromentQY\IDE\MAVEN\618Repository\org\xmlunit\xmlunit-core\2.6.2\xmlunit-core-2.6.2.jar;"/>
=======
    <property name="sun.boot.library.path" value="D:\devHYC\JDK\jdk18\jre\bin"/>
    <property name="sun.java.command" value="C:\Users\Lenovo\AppData\Local\Temp\surefire4853944031946110586\surefirebooter882005445679783748.jar C:\Users\Lenovo\AppData\Local\Temp\surefire4853944031946110586 2019-05-21T13-38-43_401-jvmRun1 surefire5899503051167567679tmp surefire_63100174491276095897tmp"/>
    <property name="surefire.test.class.path" value="H:\devHyc\workspace\pudding-kernel\kernel-sign\target\test-classes;H:\devHyc\workspace\pudding-kernel\kernel-sign\target\classes;H:\devHyc\workspace\pudding-kernel\kernel-core\target\kernel-core-0.0.1.jar;H:\devHyc\workspace\pudding-kernel\kernel-model\target\kernel-model-0.0.1.jar;H:\devHyc\mvnRepository\cn\hutool\hutool-core\4.4.0\hutool-core-4.4.0.jar;H:\devHyc\mvnRepository\mysql\mysql-connector-java\8.0.15\mysql-connector-java-8.0.15.jar;H:\devHyc\mvnRepository\com\baomidou\mybatis-plus-boot-starter\3.1.0\mybatis-plus-boot-starter-3.1.0.jar;H:\devHyc\mvnRepository\com\baomidou\mybatis-plus\3.1.0\mybatis-plus-3.1.0.jar;H:\devHyc\mvnRepository\com\baomidou\mybatis-plus-extension\3.1.0\mybatis-plus-extension-3.1.0.jar;H:\devHyc\mvnRepository\com\baomidou\mybatis-plus-core\3.1.0\mybatis-plus-core-3.1.0.jar;H:\devHyc\mvnRepository\com\baomidou\mybatis-plus-annotation\3.1.0\mybatis-plus-annotation-3.1.0.jar;H:\devHyc\mvnRepository\org\mybatis\mybatis\3.5.0\mybatis-3.5.0.jar;H:\devHyc\mvnRepository\com\github\jsqlparser\jsqlparser\1.4\jsqlparser-1.4.jar;H:\devHyc\mvnRepository\org\mybatis\mybatis-spring\2.0.0\mybatis-spring-2.0.0.jar;H:\devHyc\mvnRepository\org\springframework\boot\spring-boot-starter-jdbc\2.1.4.RELEASE\spring-boot-starter-jdbc-2.1.4.RELEASE.jar;H:\devHyc\mvnRepository\com\zaxxer\HikariCP\3.2.0\HikariCP-3.2.0.jar;H:\devHyc\mvnRepository\org\springframework\spring-jdbc\5.1.6.RELEASE\spring-jdbc-5.1.6.RELEASE.jar;H:\devHyc\mvnRepository\org\springframework\spring-beans\5.1.6.RELEASE\spring-beans-5.1.6.RELEASE.jar;H:\devHyc\mvnRepository\org\springframework\spring-tx\5.1.6.RELEASE\spring-tx-5.1.6.RELEASE.jar;H:\devHyc\mvnRepository\com\alibaba\druid\1.1.12\druid-1.1.12.jar;H:\devHyc\mvnRepository\com\alibaba\fastjson\1.2.56\fastjson-1.2.56.jar;H:\devHyc\mvnRepository\org\springframework\boot\spring-boot-starter-aop\2.1.4.RELEASE\spring-boot-starter-aop-2.1.4.RELEASE.jar;H:\devHyc\mvnRepository\org\springframework\spring-aop\5.1.6.RELEASE\spring-aop-5.1.6.RELEASE.jar;H:\devHyc\mvnRepository\org\aspectj\aspectjweaver\1.9.2\aspectjweaver-1.9.2.jar;H:\devHyc\mvnRepository\org\springframework\boot\spring-boot-starter\2.1.4.RELEASE\spring-boot-starter-2.1.4.RELEASE.jar;H:\devHyc\mvnRepository\org\springframework\boot\spring-boot\2.1.4.RELEASE\spring-boot-2.1.4.RELEASE.jar;H:\devHyc\mvnRepository\org\springframework\spring-context\5.1.6.RELEASE\spring-context-5.1.6.RELEASE.jar;H:\devHyc\mvnRepository\org\springframework\spring-expression\5.1.6.RELEASE\spring-expression-5.1.6.RELEASE.jar;H:\devHyc\mvnRepository\org\springframework\boot\spring-boot-autoconfigure\2.1.4.RELEASE\spring-boot-autoconfigure-2.1.4.RELEASE.jar;H:\devHyc\mvnRepository\org\springframework\boot\spring-boot-starter-logging\2.1.4.RELEASE\spring-boot-starter-logging-2.1.4.RELEASE.jar;H:\devHyc\mvnRepository\ch\qos\logback\logback-classic\1.2.3\logback-classic-1.2.3.jar;H:\devHyc\mvnRepository\ch\qos\logback\logback-core\1.2.3\logback-core-1.2.3.jar;H:\devHyc\mvnRepository\org\apache\logging\log4j\log4j-to-slf4j\2.11.2\log4j-to-slf4j-2.11.2.jar;H:\devHyc\mvnRepository\org\apache\logging\log4j\log4j-api\2.11.2\log4j-api-2.11.2.jar;H:\devHyc\mvnRepository\org\slf4j\jul-to-slf4j\1.7.26\jul-to-slf4j-1.7.26.jar;H:\devHyc\mvnRepository\javax\annotation\javax.annotation-api\1.3.2\javax.annotation-api-1.3.2.jar;H:\devHyc\mvnRepository\org\springframework\spring-core\5.1.6.RELEASE\spring-core-5.1.6.RELEASE.jar;H:\devHyc\mvnRepository\org\springframework\spring-jcl\5.1.6.RELEASE\spring-jcl-5.1.6.RELEASE.jar;H:\devHyc\mvnRepository\org\yaml\snakeyaml\1.23\snakeyaml-1.23.jar;H:\devHyc\mvnRepository\org\projectlombok\lombok\1.18.4\lombok-1.18.4.jar;H:\devHyc\mvnRepository\org\springframework\boot\spring-boot-configuration-processor\2.1.4.RELEASE\spring-boot-configuration-processor-2.1.4.RELEASE.jar;H:\devHyc\mvnRepository\org\springframework\boot\spring-boot-starter-test\2.1.4.RELEASE\spring-boot-starter-test-2.1.4.RELEASE.jar;H:\devHyc\mvnRepository\org\springframework\boot\spring-boot-test\2.1.4.RELEASE\spring-boot-test-2.1.4.RELEASE.jar;H:\devHyc\mvnRepository\org\springframework\boot\spring-boot-test-autoconfigure\2.1.4.RELEASE\spring-boot-test-autoconfigure-2.1.4.RELEASE.jar;H:\devHyc\mvnRepository\com\jayway\jsonpath\json-path\2.4.0\json-path-2.4.0.jar;H:\devHyc\mvnRepository\net\minidev\json-smart\2.3\json-smart-2.3.jar;H:\devHyc\mvnRepository\net\minidev\accessors-smart\1.2\accessors-smart-1.2.jar;H:\devHyc\mvnRepository\org\ow2\asm\asm\5.0.4\asm-5.0.4.jar;H:\devHyc\mvnRepository\org\slf4j\slf4j-api\1.7.26\slf4j-api-1.7.26.jar;H:\devHyc\mvnRepository\junit\junit\4.12\junit-4.12.jar;H:\devHyc\mvnRepository\org\assertj\assertj-core\3.11.1\assertj-core-3.11.1.jar;H:\devHyc\mvnRepository\org\mockito\mockito-core\2.23.4\mockito-core-2.23.4.jar;H:\devHyc\mvnRepository\net\bytebuddy\byte-buddy\1.9.12\byte-buddy-1.9.12.jar;H:\devHyc\mvnRepository\net\bytebuddy\byte-buddy-agent\1.9.12\byte-buddy-agent-1.9.12.jar;H:\devHyc\mvnRepository\org\objenesis\objenesis\2.6\objenesis-2.6.jar;H:\devHyc\mvnRepository\org\hamcrest\hamcrest-core\1.3\hamcrest-core-1.3.jar;H:\devHyc\mvnRepository\org\hamcrest\hamcrest-library\1.3\hamcrest-library-1.3.jar;H:\devHyc\mvnRepository\org\skyscreamer\jsonassert\1.5.0\jsonassert-1.5.0.jar;H:\devHyc\mvnRepository\com\vaadin\external\google\android-json\0.0.20131108.vaadin1\android-json-0.0.20131108.vaadin1.jar;H:\devHyc\mvnRepository\org\springframework\spring-test\5.1.6.RELEASE\spring-test-5.1.6.RELEASE.jar;H:\devHyc\mvnRepository\org\xmlunit\xmlunit-core\2.6.2\xmlunit-core-2.6.2.jar;"/>
>>>>>>> 6e03d054f2d17df5236dd5f2b917fcc7f11236de
    <property name="sun.cpu.endian" value="little"/>
    <property name="user.home" value="C:\Users\Administrator"/>
    <property name="user.language" value="zh"/>
    <property name="java.specification.vendor" value="Oracle Corporation"/>
    <property name="java.home" value="D:\developEnviromentQY\jdk1.864\jdk1.8.0_131\jre"/>
    <property name="basedir" value="F:\workspace\pudding-kernel\kernel-sign"/>
    <property name="file.separator" value="\"/>
    <property name="line.separator" value="&#10;"/>
    <property name="java.vm.specification.vendor" value="Oracle Corporation"/>
    <property name="java.specification.name" value="Java Platform API Specification"/>
    <property name="java.awt.graphicsenv" value="sun.awt.Win32GraphicsEnvironment"/>
<<<<<<< HEAD
    <property name="surefire.real.class.path" value="C:\Users\ADMINI~1\AppData\Local\Temp\surefire7873585887061490615\surefirebooter4336824364160816124.jar"/>
    <property name="sun.boot.class.path" value="D:\developEnviromentQY\jdk1.864\jdk1.8.0_131\jre\lib\resources.jar;D:\developEnviromentQY\jdk1.864\jdk1.8.0_131\jre\lib\rt.jar;D:\developEnviromentQY\jdk1.864\jdk1.8.0_131\jre\lib\sunrsasign.jar;D:\developEnviromentQY\jdk1.864\jdk1.8.0_131\jre\lib\jsse.jar;D:\developEnviromentQY\jdk1.864\jdk1.8.0_131\jre\lib\jce.jar;D:\developEnviromentQY\jdk1.864\jdk1.8.0_131\jre\lib\charsets.jar;D:\developEnviromentQY\jdk1.864\jdk1.8.0_131\jre\lib\jfr.jar;D:\developEnviromentQY\jdk1.864\jdk1.8.0_131\jre\classes"/>
=======
    <property name="surefire.real.class.path" value="C:\Users\Lenovo\AppData\Local\Temp\surefire4853944031946110586\surefirebooter882005445679783748.jar"/>
    <property name="sun.boot.class.path" value="D:\devHYC\JDK\jdk18\jre\lib\resources.jar;D:\devHYC\JDK\jdk18\jre\lib\rt.jar;D:\devHYC\JDK\jdk18\jre\lib\sunrsasign.jar;D:\devHYC\JDK\jdk18\jre\lib\jsse.jar;D:\devHYC\JDK\jdk18\jre\lib\jce.jar;D:\devHYC\JDK\jdk18\jre\lib\charsets.jar;D:\devHYC\JDK\jdk18\jre\lib\jfr.jar;D:\devHYC\JDK\jdk18\jre\classes"/>
>>>>>>> 6e03d054f2d17df5236dd5f2b917fcc7f11236de
    <property name="user.script" value=""/>
    <property name="sun.management.compiler" value="HotSpot 64-Bit Tiered Compilers"/>
    <property name="java.runtime.version" value="1.8.0_131-b11"/>
    <property name="user.name" value="Administrator"/>
    <property name="path.separator" value=";"/>
    <property name="os.version" value="6.1"/>
    <property name="java.endorsed.dirs" value="D:\developEnviromentQY\jdk1.864\jdk1.8.0_131\jre\lib\endorsed"/>
    <property name="java.runtime.name" value="Java(TM) SE Runtime Environment"/>
    <property name="file.encoding" value="GBK"/>
    <property name="java.vm.name" value="Java HotSpot(TM) 64-Bit Server VM"/>
    <property name="localRepository" value="D:\developEnviromentQY\IDE\MAVEN\618Repository"/>
    <property name="java.vendor.url.bug" value="http://bugreport.sun.com/bugreport/"/>
    <property name="java.io.tmpdir" value="C:\Users\ADMINI~1\AppData\Local\Temp\"/>
    <property name="idea.version" value="2018.1"/>
    <property name="java.version" value="1.8.0_131"/>
    <property name="user.dir" value="F:\workspace\pudding-kernel\kernel-sign"/>
    <property name="os.arch" value="amd64"/>
    <property name="java.vm.specification.name" value="Java Virtual Machine Specification"/>
    <property name="java.awt.printerjob" value="sun.awt.windows.WPrinterJob"/>
    <property name="sun.os.patch.level" value="Service Pack 1"/>
    <property name="java.library.path" value="D:\developEnviromentQY\jdk1.864\jdk1.8.0_131\jre\bin;C:\Windows\Sun\Java\bin;C:\Windows\system32;C:\Windows;C:\ProgramData\Oracle\Java\javapath;C:\Windows\system32;C:\Windows;C:\Windows\System32\Wbem;D:\developEnviromentQY\jdk1.864\jdk1.8.0_131\bin;D:\developEnviromentQY\jdk1.864\jdk1.8.0_131\jre\bin;C:\Windows\System32\WindowsPowerShell\v1.0\;C:\Program Files\Lenovo\Bluetooth Software\;C:\Program Files\Lenovo\Bluetooth Software\syswow64;D:\developEnviromentQY\dataBaseL\MySQL Server 5.5\bin;D:\developEnviromentQY\dataBase\MySQL Server 5.5\bin;%M2HOME%\bin;C:\Program Files\Git\cmd;D:\developEnviromentQY\server\wildfly-101.Final\bin;%ERLANG_HOME%\bin;F:\rabitMqSoftware\RabbitMQ Server\rabbitmq_server-3.6.6\sbin;F:\rabitMqSoftware\RabbitMQ Server\rabbitmq_server-3.6.6\ebin;D:\developEnviromentQY\server\apache-tomcat-8.5.9\bin\;C:\Program Files (x86)\Sybase\PowerDynamo\win32;D:\developEnviromentQY\front\nodejs\;D:\developEnviromentQY\node\nodejs\;D:\developEnviromentQY\gosdk\go\bin\;C:\Users\Administrator\AppData\Roaming\npm;."/>
    <property name="java.vm.info" value="mixed mode"/>
    <property name="java.vendor" value="Oracle Corporation"/>
    <property name="java.vm.version" value="25.131-b11"/>
    <property name="java.ext.dirs" value="D:\developEnviromentQY\jdk1.864\jdk1.8.0_131\jre\lib\ext;C:\Windows\Sun\Java\lib\ext"/>
    <property name="sun.io.unicode.encoding" value="UnicodeLittle"/>
    <property name="java.class.version" value="52.0"/>
  </properties>
<<<<<<< HEAD
  <testcase name="shouldAnswerWithTrue" classname="com.mohism.pudding.AppTest" time="0.004"/>
=======
  <testcase name="shouldAnswerWithTrue" classname="com.mohism.pudding.AppTest" time="0.001"/>
>>>>>>> 6e03d054f2d17df5236dd5f2b917fcc7f11236de
</testsuite>