<?xml version="1.0" encoding="UTF-8"?>
<testsuite xmlns:xsi="http://www.w3.org/2001/XMLSchema-instance" xsi:noNamespaceSchemaLocation="https://maven.apache.org/surefire/maven-surefire-plugin/xsd/surefire-test-report.xsd" name="com.mohism.pudding.AppTest" time="0.24" tests="1" errors="0" skipped="0" failures="0">
  <properties>
    <property name="sun.desktop" value="windows"/>
    <property name="awt.toolkit" value="sun.awt.windows.WToolkit"/>
    <property name="file.encoding.pkg" value="sun.io"/>
    <property name="java.specification.version" value="1.8"/>
    <property name="sun.cpu.isalist" value="amd64"/>
    <property name="sun.jnu.encoding" value="GBK"/>
    <property name="java.class.path" value="F:\workspace\pudding-kernel\kernel-core\target\test-classes;F:\workspace\pudding-kernel\kernel-core\target\classes;F:\workspace\pudding-kernel\kernel-model\target\kernel-model-0.0.1.jar;D:\developEnviromentQY\IDE\MAVEN\618Repository\org\projectlombok\lombok\1.18.4\lombok-1.18.4.jar;D:\developEnviromentQY\IDE\MAVEN\618Repository\cn\hutool\hutool-all\4.5.10\hutool-all-4.5.10.jar;D:\developEnviromentQY\IDE\MAVEN\618Repository\com\google\code\gson\gson\2.8.5\gson-2.8.5.jar;D:\developEnviromentQY\IDE\MAVEN\618Repository\com\github\ulisesbocchio\jasypt-spring-boot-starter\2.1.1\jasypt-spring-boot-starter-2.1.1.jar;D:\developEnviromentQY\IDE\MAVEN\618Repository\com\github\ulisesbocchio\jasypt-spring-boot\2.1.1\jasypt-spring-boot-2.1.1.jar;D:\developEnviromentQY\IDE\MAVEN\618Repository\com\melloware\jasypt\1.9.4\jasypt-1.9.4.jar;D:\developEnviromentQY\IDE\MAVEN\618Repository\com\google\guava\guava\20.0\guava-20.0.jar;D:\developEnviromentQY\IDE\MAVEN\618Repository\javax\persistence\persistence-api\1.0.2\persistence-api-1.0.2.jar;D:\developEnviromentQY\IDE\MAVEN\618Repository\org\slf4j\slf4j-api\1.7.26\slf4j-api-1.7.26.jar;D:\developEnviromentQY\IDE\MAVEN\618Repository\com\h2database\h2\1.4.199\h2-1.4.199.jar;D:\developEnviromentQY\IDE\MAVEN\618Repository\mysql\mysql-connector-java\8.0.15\mysql-connector-java-8.0.15.jar;D:\developEnviromentQY\IDE\MAVEN\618Repository\com\baomidou\mybatis-plus-boot-starter\3.1.0\mybatis-plus-boot-starter-3.1.0.jar;D:\developEnviromentQY\IDE\MAVEN\618Repository\org\springframework\boot\spring-boot-autoconfigure\2.1.4.RELEASE\spring-boot-autoconfigure-2.1.4.RELEASE.jar;D:\developEnviromentQY\IDE\MAVEN\618Repository\org\springframework\boot\spring-boot\2.1.4.RELEASE\spring-boot-2.1.4.RELEASE.jar;D:\developEnviromentQY\IDE\MAVEN\618Repository\com\baomidou\mybatis-plus\3.1.0\mybatis-plus-3.1.0.jar;D:\developEnviromentQY\IDE\MAVEN\618Repository\com\baomidou\mybatis-plus-extension\3.1.0\mybatis-plus-extension-3.1.0.jar;D:\developEnviromentQY\IDE\MAVEN\618Repository\com\baomidou\mybatis-plus-core\3.1.0\mybatis-plus-core-3.1.0.jar;D:\developEnviromentQY\IDE\MAVEN\618Repository\com\baomidou\mybatis-plus-annotation\3.1.0\mybatis-plus-annotation-3.1.0.jar;D:\developEnviromentQY\IDE\MAVEN\618Repository\org\mybatis\mybatis\3.5.0\mybatis-3.5.0.jar;D:\developEnviromentQY\IDE\MAVEN\618Repository\com\github\jsqlparser\jsqlparser\1.4\jsqlparser-1.4.jar;D:\developEnviromentQY\IDE\MAVEN\618Repository\org\mybatis\mybatis-spring\2.0.0\mybatis-spring-2.0.0.jar;D:\developEnviromentQY\IDE\MAVEN\618Repository\org\springframework\boot\spring-boot-starter-jdbc\2.1.4.RELEASE\spring-boot-starter-jdbc-2.1.4.RELEASE.jar;D:\developEnviromentQY\IDE\MAVEN\618Repository\org\springframework\boot\spring-boot-starter\2.1.4.RELEASE\spring-boot-starter-2.1.4.RELEASE.jar;D:\developEnviromentQY\IDE\MAVEN\618Repository\org\springframework\boot\spring-boot-starter-logging\2.1.4.RELEASE\spring-boot-starter-logging-2.1.4.RELEASE.jar;D:\developEnviromentQY\IDE\MAVEN\618Repository\ch\qos\logback\logback-classic\1.2.3\logback-classic-1.2.3.jar;D:\developEnviromentQY\IDE\MAVEN\618Repository\ch\qos\logback\logback-core\1.2.3\logback-core-1.2.3.jar;D:\developEnviromentQY\IDE\MAVEN\618Repository\org\apache\logging\log4j\log4j-to-slf4j\2.11.2\log4j-to-slf4j-2.11.2.jar;D:\developEnviromentQY\IDE\MAVEN\618Repository\org\apache\logging\log4j\log4j-api\2.11.2\log4j-api-2.11.2.jar;D:\developEnviromentQY\IDE\MAVEN\618Repository\org\slf4j\jul-to-slf4j\1.7.26\jul-to-slf4j-1.7.26.jar;D:\developEnviromentQY\IDE\MAVEN\618Repository\javax\annotation\javax.annotation-api\1.3.2\javax.annotation-api-1.3.2.jar;D:\developEnviromentQY\IDE\MAVEN\618Repository\org\yaml\snakeyaml\1.23\snakeyaml-1.23.jar;D:\developEnviromentQY\IDE\MAVEN\618Repository\com\zaxxer\HikariCP\3.2.0\HikariCP-3.2.0.jar;D:\developEnviromentQY\IDE\MAVEN\618Repository\org\springframework\spring-jdbc\5.1.6.RELEASE\spring-jdbc-5.1.6.RELEASE.jar;D:\developEnviromentQY\IDE\MAVEN\618Repository\org\springframework\spring-beans\5.1.6.RELEASE\spring-beans-5.1.6.RELEASE.jar;D:\developEnviromentQY\IDE\MAVEN\618Repository\org\springframework\spring-tx\5.1.6.RELEASE\spring-tx-5.1.6.RELEASE.jar;D:\developEnviromentQY\IDE\MAVEN\618Repository\com\alibaba\druid\1.1.12\druid-1.1.12.jar;D:\developEnviromentQY\IDE\MAVEN\618Repository\com\alibaba\fastjson\1.2.56\fastjson-1.2.56.jar;D:\developEnviromentQY\IDE\MAVEN\618Repository\org\springframework\boot\spring-boot-starter-aop\2.1.4.RELEASE\spring-boot-starter-aop-2.1.4.RELEASE.jar;D:\developEnviromentQY\IDE\MAVEN\618Repository\org\springframework\spring-aop\5.1.6.RELEASE\spring-aop-5.1.6.RELEASE.jar;D:\developEnviromentQY\IDE\MAVEN\618Repository\org\aspectj\aspectjweaver\1.9.2\aspectjweaver-1.9.2.jar;D:\developEnviromentQY\IDE\MAVEN\618Repository\org\springframework\cloud\spring-cloud-starter-openfeign\2.1.0.RELEASE\spring-cloud-starter-openfeign-2.1.0.RELEASE.jar;D:\developEnviromentQY\IDE\MAVEN\618Repository\org\springframework\cloud\spring-cloud-starter\2.1.0.RELEASE\spring-cloud-starter-2.1.0.RELEASE.jar;D:\developEnviromentQY\IDE\MAVEN\618Repository\org\springframework\cloud\spring-cloud-context\2.1.0.RELEASE\spring-cloud-context-2.1.0.RELEASE.jar;D:\developEnviromentQY\IDE\MAVEN\618Repository\org\springframework\security\spring-security-rsa\1.0.7.RELEASE\spring-security-rsa-1.0.7.RELEASE.jar;D:\developEnviromentQY\IDE\MAVEN\618Repository\org\bouncycastle\bcpkix-jdk15on\1.60\bcpkix-jdk15on-1.60.jar;D:\developEnviromentQY\IDE\MAVEN\618Repository\org\bouncycastle\bcprov-jdk15on\1.60\bcprov-jdk15on-1.60.jar;D:\developEnviromentQY\IDE\MAVEN\618Repository\org\springframework\cloud\spring-cloud-openfeign-core\2.1.0.RELEASE\spring-cloud-openfeign-core-2.1.0.RELEASE.jar;D:\developEnviromentQY\IDE\MAVEN\618Repository\org\springframework\cloud\spring-cloud-netflix-ribbon\2.1.0.RELEASE\spring-cloud-netflix-ribbon-2.1.0.RELEASE.jar;D:\developEnviromentQY\IDE\MAVEN\618Repository\org\springframework\cloud\spring-cloud-netflix-archaius\2.1.0.RELEASE\spring-cloud-netflix-archaius-2.1.0.RELEASE.jar;D:\developEnviromentQY\IDE\MAVEN\618Repository\io\github\openfeign\form\feign-form-spring\3.5.0\feign-form-spring-3.5.0.jar;D:\developEnviromentQY\IDE\MAVEN\618Repository\io\github\openfeign\form\feign-form\3.5.0\feign-form-3.5.0.jar;D:\developEnviromentQY\IDE\MAVEN\618Repository\commons-fileupload\commons-fileupload\1.3.3\commons-fileupload-1.3.3.jar;D:\developEnviromentQY\IDE\MAVEN\618Repository\commons-io\commons-io\2.2\commons-io-2.2.jar;D:\developEnviromentQY\IDE\MAVEN\618Repository\org\springframework\spring-web\5.1.6.RELEASE\spring-web-5.1.6.RELEASE.jar;D:\developEnviromentQY\IDE\MAVEN\618Repository\org\springframework\cloud\spring-cloud-commons\2.1.0.RELEASE\spring-cloud-commons-2.1.0.RELEASE.jar;D:\developEnviromentQY\IDE\MAVEN\618Repository\org\springframework\security\spring-security-crypto\5.1.5.RELEASE\spring-security-crypto-5.1.5.RELEASE.jar;D:\developEnviromentQY\IDE\MAVEN\618Repository\io\github\openfeign\feign-core\10.1.0\feign-core-10.1.0.jar;D:\developEnviromentQY\IDE\MAVEN\618Repository\io\github\openfeign\feign-slf4j\10.1.0\feign-slf4j-10.1.0.jar;D:\developEnviromentQY\IDE\MAVEN\618Repository\io\github\openfeign\feign-hystrix\10.1.0\feign-hystrix-10.1.0.jar;D:\developEnviromentQY\IDE\MAVEN\618Repository\com\netflix\archaius\archaius-core\0.7.6\archaius-core-0.7.6.jar;D:\developEnviromentQY\IDE\MAVEN\618Repository\com\google\code\findbugs\jsr305\3.0.1\jsr305-3.0.1.jar;D:\developEnviromentQY\IDE\MAVEN\618Repository\commons-configuration\commons-configuration\1.8\commons-configuration-1.8.jar;D:\developEnviromentQY\IDE\MAVEN\618Repository\commons-lang\commons-lang\2.6\commons-lang-2.6.jar;D:\developEnviromentQY\IDE\MAVEN\618Repository\com\fasterxml\jackson\core\jackson-annotations\2.9.0\jackson-annotations-2.9.0.jar;D:\developEnviromentQY\IDE\MAVEN\618Repository\com\fasterxml\jackson\core\jackson-core\2.9.8\jackson-core-2.9.8.jar;D:\developEnviromentQY\IDE\MAVEN\618Repository\com\netflix\hystrix\hystrix-core\1.5.18\hystrix-core-1.5.18.jar;D:\developEnviromentQY\IDE\MAVEN\618Repository\io\reactivex\rxjava\1.3.8\rxjava-1.3.8.jar;D:\developEnviromentQY\IDE\MAVEN\618Repository\org\hdrhistogram\HdrHistogram\2.1.9\HdrHistogram-2.1.9.jar;D:\developEnviromentQY\IDE\MAVEN\618Repository\org\springframework\boot\spring-boot-starter-data-redis\2.1.4.RELEASE\spring-boot-starter-data-redis-2.1.4.RELEASE.jar;D:\developEnviromentQY\IDE\MAVEN\618Repository\org\springframework\data\spring-data-redis\2.1.6.RELEASE\spring-data-redis-2.1.6.RELEASE.jar;D:\developEnviromentQY\IDE\MAVEN\618Repository\org\springframework\data\spring-data-keyvalue\2.1.6.RELEASE\spring-data-keyvalue-2.1.6.RELEASE.jar;D:\developEnviromentQY\IDE\MAVEN\618Repository\org\springframework\data\spring-data-commons\2.1.6.RELEASE\spring-data-commons-2.1.6.RELEASE.jar;D:\developEnviromentQY\IDE\MAVEN\618Repository\org\springframework\spring-oxm\5.1.6.RELEASE\spring-oxm-5.1.6.RELEASE.jar;D:\developEnviromentQY\IDE\MAVEN\618Repository\io\lettuce\lettuce-core\5.1.6.RELEASE\lettuce-core-5.1.6.RELEASE.jar;D:\developEnviromentQY\IDE\MAVEN\618Repository\io\netty\netty-common\4.1.34.Final\netty-common-4.1.34.Final.jar;D:\developEnviromentQY\IDE\MAVEN\618Repository\io\netty\netty-handler\4.1.34.Final\netty-handler-4.1.34.Final.jar;D:\developEnviromentQY\IDE\MAVEN\618Repository\io\netty\netty-buffer\4.1.34.Final\netty-buffer-4.1.34.Final.jar;D:\developEnviromentQY\IDE\MAVEN\618Repository\io\netty\netty-codec\4.1.34.Final\netty-codec-4.1.34.Final.jar;D:\developEnviromentQY\IDE\MAVEN\618Repository\io\netty\netty-transport\4.1.34.Final\netty-transport-4.1.34.Final.jar;D:\developEnviromentQY\IDE\MAVEN\618Repository\io\netty\netty-resolver\4.1.34.Final\netty-resolver-4.1.34.Final.jar;D:\developEnviromentQY\IDE\MAVEN\618Repository\io\projectreactor\reactor-core\3.2.8.RELEASE\reactor-core-3.2.8.RELEASE.jar;D:\developEnviromentQY\IDE\MAVEN\618Repository\org\reactivestreams\reactive-streams\1.0.2\reactive-streams-1.0.2.jar;D:\developEnviromentQY\IDE\MAVEN\618Repository\javax\servlet\javax.servlet-api\4.0.1\javax.servlet-api-4.0.1.jar;D:\developEnviromentQY\IDE\MAVEN\618Repository\org\springframework\boot\spring-boot-starter-web\2.1.4.RELEASE\spring-boot-starter-web-2.1.4.RELEASE.jar;D:\developEnviromentQY\IDE\MAVEN\618Repository\org\springframework\boot\spring-boot-starter-json\2.1.4.RELEASE\spring-boot-starter-json-2.1.4.RELEASE.jar;D:\developEnviromentQY\IDE\MAVEN\618Repository\com\fasterxml\jackson\core\jackson-databind\2.9.8\jackson-databind-2.9.8.jar;D:\developEnviromentQY\IDE\MAVEN\618Repository\com\fasterxml\jackson\datatype\jackson-datatype-jdk8\2.9.8\jackson-datatype-jdk8-2.9.8.jar;D:\developEnviromentQY\IDE\MAVEN\618Repository\com\fasterxml\jackson\datatype\jackson-datatype-jsr310\2.9.8\jackson-datatype-jsr310-2.9.8.jar;D:\developEnviromentQY\IDE\MAVEN\618Repository\com\fasterxml\jackson\module\jackson-module-parameter-names\2.9.8\jackson-module-parameter-names-2.9.8.jar;D:\developEnviromentQY\IDE\MAVEN\618Repository\org\springframework\boot\spring-boot-starter-tomcat\2.1.4.RELEASE\spring-boot-starter-tomcat-2.1.4.RELEASE.jar;D:\developEnviromentQY\IDE\MAVEN\618Repository\org\apache\tomcat\embed\tomcat-embed-core\9.0.17\tomcat-embed-core-9.0.17.jar;D:\developEnviromentQY\IDE\MAVEN\618Repository\org\apache\tomcat\embed\tomcat-embed-el\9.0.17\tomcat-embed-el-9.0.17.jar;D:\developEnviromentQY\IDE\MAVEN\618Repository\org\apache\tomcat\embed\tomcat-embed-websocket\9.0.17\tomcat-embed-websocket-9.0.17.jar;D:\developEnviromentQY\IDE\MAVEN\618Repository\org\hibernate\validator\hibernate-validator\6.0.16.Final\hibernate-validator-6.0.16.Final.jar;D:\developEnviromentQY\IDE\MAVEN\618Repository\javax\validation\validation-api\2.0.1.Final\validation-api-2.0.1.Final.jar;D:\developEnviromentQY\IDE\MAVEN\618Repository\org\jboss\logging\jboss-logging\3.3.2.Final\jboss-logging-3.3.2.Final.jar;D:\developEnviromentQY\IDE\MAVEN\618Repository\com\fasterxml\classmate\1.4.0\classmate-1.4.0.jar;D:\developEnviromentQY\IDE\MAVEN\618Repository\org\springframework\spring-webmvc\5.1.6.RELEASE\spring-webmvc-5.1.6.RELEASE.jar;D:\developEnviromentQY\IDE\MAVEN\618Repository\org\springframework\spring-context\5.1.6.RELEASE\spring-context-5.1.6.RELEASE.jar;D:\developEnviromentQY\IDE\MAVEN\618Repository\org\springframework\spring-expression\5.1.6.RELEASE\spring-expression-5.1.6.RELEASE.jar;D:\developEnviromentQY\IDE\MAVEN\618Repository\org\springframework\boot\spring-boot-starter-cache\2.1.4.RELEASE\spring-boot-starter-cache-2.1.4.RELEASE.jar;D:\developEnviromentQY\IDE\MAVEN\618Repository\org\springframework\spring-context-support\5.1.6.RELEASE\spring-context-support-5.1.6.RELEASE.jar;D:\developEnviromentQY\IDE\MAVEN\618Repository\org\springframework\boot\spring-boot-configuration-processor\2.1.4.RELEASE\spring-boot-configuration-processor-2.1.4.RELEASE.jar;D:\developEnviromentQY\IDE\MAVEN\618Repository\org\springframework\boot\spring-boot-starter-test\2.1.4.RELEASE\spring-boot-starter-test-2.1.4.RELEASE.jar;D:\developEnviromentQY\IDE\MAVEN\618Repository\org\springframework\boot\spring-boot-test\2.1.4.RELEASE\spring-boot-test-2.1.4.RELEASE.jar;D:\developEnviromentQY\IDE\MAVEN\618Repository\org\springframework\boot\spring-boot-test-autoconfigure\2.1.4.RELEASE\spring-boot-test-autoconfigure-2.1.4.RELEASE.jar;D:\developEnviromentQY\IDE\MAVEN\618Repository\com\jayway\jsonpath\json-path\2.4.0\json-path-2.4.0.jar;D:\developEnviromentQY\IDE\MAVEN\618Repository\net\minidev\json-smart\2.3\json-smart-2.3.jar;D:\developEnviromentQY\IDE\MAVEN\618Repository\net\minidev\accessors-smart\1.2\accessors-smart-1.2.jar;D:\developEnviromentQY\IDE\MAVEN\618Repository\org\ow2\asm\asm\5.0.4\asm-5.0.4.jar;D:\developEnviromentQY\IDE\MAVEN\618Repository\junit\junit\4.12\junit-4.12.jar;D:\developEnviromentQY\IDE\MAVEN\618Repository\org\assertj\assertj-core\3.11.1\assertj-core-3.11.1.jar;D:\developEnviromentQY\IDE\MAVEN\618Repository\org\mockito\mockito-core\2.23.4\mockito-core-2.23.4.jar;D:\developEnviromentQY\IDE\MAVEN\618Repository\net\bytebuddy\byte-buddy\1.9.12\byte-buddy-1.9.12.jar;D:\developEnviromentQY\IDE\MAVEN\618Repository\net\bytebuddy\byte-buddy-agent\1.9.12\byte-buddy-agent-1.9.12.jar;D:\developEnviromentQY\IDE\MAVEN\618Repository\org\objenesis\objenesis\2.6\objenesis-2.6.jar;D:\developEnviromentQY\IDE\MAVEN\618Repository\org\hamcrest\hamcrest-core\1.3\hamcrest-core-1.3.jar;D:\developEnviromentQY\IDE\MAVEN\618Repository\org\hamcrest\hamcrest-library\1.3\hamcrest-library-1.3.jar;D:\developEnviromentQY\IDE\MAVEN\618Repository\org\skyscreamer\jsonassert\1.5.0\jsonassert-1.5.0.jar;D:\developEnviromentQY\IDE\MAVEN\618Repository\com\vaadin\external\google\android-json\0.0.20131108.vaadin1\android-json-0.0.20131108.vaadin1.jar;D:\developEnviromentQY\IDE\MAVEN\618Repository\org\springframework\spring-core\5.1.6.RELEASE\spring-core-5.1.6.RELEASE.jar;D:\developEnviromentQY\IDE\MAVEN\618Repository\org\springframework\spring-jcl\5.1.6.RELEASE\spring-jcl-5.1.6.RELEASE.jar;D:\developEnviromentQY\IDE\MAVEN\618Repository\org\springframework\spring-test\5.1.6.RELEASE\spring-test-5.1.6.RELEASE.jar;D:\developEnviromentQY\IDE\MAVEN\618Repository\org\xmlunit\xmlunit-core\2.6.2\xmlunit-core-2.6.2.jar;"/>
    <property name="java.vm.vendor" value="Oracle Corporation"/>
    <property name="sun.arch.data.model" value="64"/>
    <property name="user.variant" value=""/>
    <property name="java.vendor.url" value="http://java.oracle.com/"/>
    <property name="user.timezone" value="Asia/Shanghai"/>
    <property name="java.vm.specification.version" value="1.8"/>
    <property name="os.name" value="Windows 7"/>
    <property name="user.country" value="CN"/>
    <property name="sun.java.launcher" value="SUN_STANDARD"/>
    <property name="sun.boot.library.path" value="D:\developEnviromentQY\jdk1.864\jdk1.8.0_131\jre\bin"/>
    <property name="sun.java.command" value="C:\Users\ADMINI~1\AppData\Local\Temp\surefire6331859723204687410\surefirebooter2368046244725468554.jar C:\Users\Administrator\AppData\Local\Temp\surefire6331859723204687410 2019-07-02T23-49-04_750-jvmRun1 surefire7771745445198957751tmp surefire_27168954915837368684tmp"/>
    <property name="surefire.test.class.path" value="F:\workspace\pudding-kernel\kernel-core\target\test-classes;F:\workspace\pudding-kernel\kernel-core\target\classes;F:\workspace\pudding-kernel\kernel-model\target\kernel-model-0.0.1.jar;D:\developEnviromentQY\IDE\MAVEN\618Repository\org\projectlombok\lombok\1.18.4\lombok-1.18.4.jar;D:\developEnviromentQY\IDE\MAVEN\618Repository\cn\hutool\hutool-all\4.5.10\hutool-all-4.5.10.jar;D:\developEnviromentQY\IDE\MAVEN\618Repository\com\google\code\gson\gson\2.8.5\gson-2.8.5.jar;D:\developEnviromentQY\IDE\MAVEN\618Repository\com\github\ulisesbocchio\jasypt-spring-boot-starter\2.1.1\jasypt-spring-boot-starter-2.1.1.jar;D:\developEnviromentQY\IDE\MAVEN\618Repository\com\github\ulisesbocchio\jasypt-spring-boot\2.1.1\jasypt-spring-boot-2.1.1.jar;D:\developEnviromentQY\IDE\MAVEN\618Repository\com\melloware\jasypt\1.9.4\jasypt-1.9.4.jar;D:\developEnviromentQY\IDE\MAVEN\618Repository\com\google\guava\guava\20.0\guava-20.0.jar;D:\developEnviromentQY\IDE\MAVEN\618Repository\javax\persistence\persistence-api\1.0.2\persistence-api-1.0.2.jar;D:\developEnviromentQY\IDE\MAVEN\618Repository\org\slf4j\slf4j-api\1.7.26\slf4j-api-1.7.26.jar;D:\developEnviromentQY\IDE\MAVEN\618Repository\com\h2database\h2\1.4.199\h2-1.4.199.jar;D:\developEnviromentQY\IDE\MAVEN\618Repository\mysql\mysql-connector-java\8.0.15\mysql-connector-java-8.0.15.jar;D:\developEnviromentQY\IDE\MAVEN\618Repository\com\baomidou\mybatis-plus-boot-starter\3.1.0\mybatis-plus-boot-starter-3.1.0.jar;D:\developEnviromentQY\IDE\MAVEN\618Repository\org\springframework\boot\spring-boot-autoconfigure\2.1.4.RELEASE\spring-boot-autoconfigure-2.1.4.RELEASE.jar;D:\developEnviromentQY\IDE\MAVEN\618Repository\org\springframework\boot\spring-boot\2.1.4.RELEASE\spring-boot-2.1.4.RELEASE.jar;D:\developEnviromentQY\IDE\MAVEN\618Repository\com\baomidou\mybatis-plus\3.1.0\mybatis-plus-3.1.0.jar;D:\developEnviromentQY\IDE\MAVEN\618Repository\com\baomidou\mybatis-plus-extension\3.1.0\mybatis-plus-extension-3.1.0.jar;D:\developEnviromentQY\IDE\MAVEN\618Repository\com\baomidou\mybatis-plus-core\3.1.0\mybatis-plus-core-3.1.0.jar;D:\developEnviromentQY\IDE\MAVEN\618Repository\com\baomidou\mybatis-plus-annotation\3.1.0\mybatis-plus-annotation-3.1.0.jar;D:\developEnviromentQY\IDE\MAVEN\618Repository\org\mybatis\mybatis\3.5.0\mybatis-3.5.0.jar;D:\developEnviromentQY\IDE\MAVEN\618Repository\com\github\jsqlparser\jsqlparser\1.4\jsqlparser-1.4.jar;D:\developEnviromentQY\IDE\MAVEN\618Repository\org\mybatis\mybatis-spring\2.0.0\mybatis-spring-2.0.0.jar;D:\developEnviromentQY\IDE\MAVEN\618Repository\org\springframework\boot\spring-boot-starter-jdbc\2.1.4.RELEASE\spring-boot-starter-jdbc-2.1.4.RELEASE.jar;D:\developEnviromentQY\IDE\MAVEN\618Repository\org\springframework\boot\spring-boot-starter\2.1.4.RELEASE\spring-boot-starter-2.1.4.RELEASE.jar;D:\developEnviromentQY\IDE\MAVEN\618Repository\org\springframework\boot\spring-boot-starter-logging\2.1.4.RELEASE\spring-boot-starter-logging-2.1.4.RELEASE.jar;D:\developEnviromentQY\IDE\MAVEN\618Repository\ch\qos\logback\logback-classic\1.2.3\logback-classic-1.2.3.jar;D:\developEnviromentQY\IDE\MAVEN\618Repository\ch\qos\logback\logback-core\1.2.3\logback-core-1.2.3.jar;D:\developEnviromentQY\IDE\MAVEN\618Repository\org\apache\logging\log4j\log4j-to-slf4j\2.11.2\log4j-to-slf4j-2.11.2.jar;D:\developEnviromentQY\IDE\MAVEN\618Repository\org\apache\logging\log4j\log4j-api\2.11.2\log4j-api-2.11.2.jar;D:\developEnviromentQY\IDE\MAVEN\618Repository\org\slf4j\jul-to-slf4j\1.7.26\jul-to-slf4j-1.7.26.jar;D:\developEnviromentQY\IDE\MAVEN\618Repository\javax\annotation\javax.annotation-api\1.3.2\javax.annotation-api-1.3.2.jar;D:\developEnviromentQY\IDE\MAVEN\618Repository\org\yaml\snakeyaml\1.23\snakeyaml-1.23.jar;D:\developEnviromentQY\IDE\MAVEN\618Repository\com\zaxxer\HikariCP\3.2.0\HikariCP-3.2.0.jar;D:\developEnviromentQY\IDE\MAVEN\618Repository\org\springframework\spring-jdbc\5.1.6.RELEASE\spring-jdbc-5.1.6.RELEASE.jar;D:\developEnviromentQY\IDE\MAVEN\618Repository\org\springframework\spring-beans\5.1.6.RELEASE\spring-beans-5.1.6.RELEASE.jar;D:\developEnviromentQY\IDE\MAVEN\618Repository\org\springframework\spring-tx\5.1.6.RELEASE\spring-tx-5.1.6.RELEASE.jar;D:\developEnviromentQY\IDE\MAVEN\618Repository\com\alibaba\druid\1.1.12\druid-1.1.12.jar;D:\developEnviromentQY\IDE\MAVEN\618Repository\com\alibaba\fastjson\1.2.56\fastjson-1.2.56.jar;D:\developEnviromentQY\IDE\MAVEN\618Repository\org\springframework\boot\spring-boot-starter-aop\2.1.4.RELEASE\spring-boot-starter-aop-2.1.4.RELEASE.jar;D:\developEnviromentQY\IDE\MAVEN\618Repository\org\springframework\spring-aop\5.1.6.RELEASE\spring-aop-5.1.6.RELEASE.jar;D:\developEnviromentQY\IDE\MAVEN\618Repository\org\aspectj\aspectjweaver\1.9.2\aspectjweaver-1.9.2.jar;D:\developEnviromentQY\IDE\MAVEN\618Repository\org\springframework\cloud\spring-cloud-starter-openfeign\2.1.0.RELEASE\spring-cloud-starter-openfeign-2.1.0.RELEASE.jar;D:\developEnviromentQY\IDE\MAVEN\618Repository\org\springframework\cloud\spring-cloud-starter\2.1.0.RELEASE\spring-cloud-starter-2.1.0.RELEASE.jar;D:\developEnviromentQY\IDE\MAVEN\618Repository\org\springframework\cloud\spring-cloud-context\2.1.0.RELEASE\spring-cloud-context-2.1.0.RELEASE.jar;D:\developEnviromentQY\IDE\MAVEN\618Repository\org\springframework\security\spring-security-rsa\1.0.7.RELEASE\spring-security-rsa-1.0.7.RELEASE.jar;D:\developEnviromentQY\IDE\MAVEN\618Repository\org\bouncycastle\bcpkix-jdk15on\1.60\bcpkix-jdk15on-1.60.jar;D:\developEnviromentQY\IDE\MAVEN\618Repository\org\bouncycastle\bcprov-jdk15on\1.60\bcprov-jdk15on-1.60.jar;D:\developEnviromentQY\IDE\MAVEN\618Repository\org\springframework\cloud\spring-cloud-openfeign-core\2.1.0.RELEASE\spring-cloud-openfeign-core-2.1.0.RELEASE.jar;D:\developEnviromentQY\IDE\MAVEN\618Repository\org\springframework\cloud\spring-cloud-netflix-ribbon\2.1.0.RELEASE\spring-cloud-netflix-ribbon-2.1.0.RELEASE.jar;D:\developEnviromentQY\IDE\MAVEN\618Repository\org\springframework\cloud\spring-cloud-netflix-archaius\2.1.0.RELEASE\spring-cloud-netflix-archaius-2.1.0.RELEASE.jar;D:\developEnviromentQY\IDE\MAVEN\618Repository\io\github\openfeign\form\feign-form-spring\3.5.0\feign-form-spring-3.5.0.jar;D:\developEnviromentQY\IDE\MAVEN\618Repository\io\github\openfeign\form\feign-form\3.5.0\feign-form-3.5.0.jar;D:\developEnviromentQY\IDE\MAVEN\618Repository\commons-fileupload\commons-fileupload\1.3.3\commons-fileupload-1.3.3.jar;D:\developEnviromentQY\IDE\MAVEN\618Repository\commons-io\commons-io\2.2\commons-io-2.2.jar;D:\developEnviromentQY\IDE\MAVEN\618Repository\org\springframework\spring-web\5.1.6.RELEASE\spring-web-5.1.6.RELEASE.jar;D:\developEnviromentQY\IDE\MAVEN\618Repository\org\springframework\cloud\spring-cloud-commons\2.1.0.RELEASE\spring-cloud-commons-2.1.0.RELEASE.jar;D:\developEnviromentQY\IDE\MAVEN\618Repository\org\springframework\security\spring-security-crypto\5.1.5.RELEASE\spring-security-crypto-5.1.5.RELEASE.jar;D:\developEnviromentQY\IDE\MAVEN\618Repository\io\github\openfeign\feign-core\10.1.0\feign-core-10.1.0.jar;D:\developEnviromentQY\IDE\MAVEN\618Repository\io\github\openfeign\feign-slf4j\10.1.0\feign-slf4j-10.1.0.jar;D:\developEnviromentQY\IDE\MAVEN\618Repository\io\github\openfeign\feign-hystrix\10.1.0\feign-hystrix-10.1.0.jar;D:\developEnviromentQY\IDE\MAVEN\618Repository\com\netflix\archaius\archaius-core\0.7.6\archaius-core-0.7.6.jar;D:\developEnviromentQY\IDE\MAVEN\618Repository\com\google\code\findbugs\jsr305\3.0.1\jsr305-3.0.1.jar;D:\developEnviromentQY\IDE\MAVEN\618Repository\commons-configuration\commons-configuration\1.8\commons-configuration-1.8.jar;D:\developEnviromentQY\IDE\MAVEN\618Repository\commons-lang\commons-lang\2.6\commons-lang-2.6.jar;D:\developEnviromentQY\IDE\MAVEN\618Repository\com\fasterxml\jackson\core\jackson-annotations\2.9.0\jackson-annotations-2.9.0.jar;D:\developEnviromentQY\IDE\MAVEN\618Repository\com\fasterxml\jackson\core\jackson-core\2.9.8\jackson-core-2.9.8.jar;D:\developEnviromentQY\IDE\MAVEN\618Repository\com\netflix\hystrix\hystrix-core\1.5.18\hystrix-core-1.5.18.jar;D:\developEnviromentQY\IDE\MAVEN\618Repository\io\reactivex\rxjava\1.3.8\rxjava-1.3.8.jar;D:\developEnviromentQY\IDE\MAVEN\618Repository\org\hdrhistogram\HdrHistogram\2.1.9\HdrHistogram-2.1.9.jar;D:\developEnviromentQY\IDE\MAVEN\618Repository\org\springframework\boot\spring-boot-starter-data-redis\2.1.4.RELEASE\spring-boot-starter-data-redis-2.1.4.RELEASE.jar;D:\developEnviromentQY\IDE\MAVEN\618Repository\org\springframework\data\spring-data-redis\2.1.6.RELEASE\spring-data-redis-2.1.6.RELEASE.jar;D:\developEnviromentQY\IDE\MAVEN\618Repository\org\springframework\data\spring-data-keyvalue\2.1.6.RELEASE\spring-data-keyvalue-2.1.6.RELEASE.jar;D:\developEnviromentQY\IDE\MAVEN\618Repository\org\springframework\data\spring-data-commons\2.1.6.RELEASE\spring-data-commons-2.1.6.RELEASE.jar;D:\developEnviromentQY\IDE\MAVEN\618Repository\org\springframework\spring-oxm\5.1.6.RELEASE\spring-oxm-5.1.6.RELEASE.jar;D:\developEnviromentQY\IDE\MAVEN\618Repository\io\lettuce\lettuce-core\5.1.6.RELEASE\lettuce-core-5.1.6.RELEASE.jar;D:\developEnviromentQY\IDE\MAVEN\618Repository\io\netty\netty-common\4.1.34.Final\netty-common-4.1.34.Final.jar;D:\developEnviromentQY\IDE\MAVEN\618Repository\io\netty\netty-handler\4.1.34.Final\netty-handler-4.1.34.Final.jar;D:\developEnviromentQY\IDE\MAVEN\618Repository\io\netty\netty-buffer\4.1.34.Final\netty-buffer-4.1.34.Final.jar;D:\developEnviromentQY\IDE\MAVEN\618Repository\io\netty\netty-codec\4.1.34.Final\netty-codec-4.1.34.Final.jar;D:\developEnviromentQY\IDE\MAVEN\618Repository\io\netty\netty-transport\4.1.34.Final\netty-transport-4.1.34.Final.jar;D:\developEnviromentQY\IDE\MAVEN\618Repository\io\netty\netty-resolver\4.1.34.Final\netty-resolver-4.1.34.Final.jar;D:\developEnviromentQY\IDE\MAVEN\618Repository\io\projectreactor\reactor-core\3.2.8.RELEASE\reactor-core-3.2.8.RELEASE.jar;D:\developEnviromentQY\IDE\MAVEN\618Repository\org\reactivestreams\reactive-streams\1.0.2\reactive-streams-1.0.2.jar;D:\developEnviromentQY\IDE\MAVEN\618Repository\javax\servlet\javax.servlet-api\4.0.1\javax.servlet-api-4.0.1.jar;D:\developEnviromentQY\IDE\MAVEN\618Repository\org\springframework\boot\spring-boot-starter-web\2.1.4.RELEASE\spring-boot-starter-web-2.1.4.RELEASE.jar;D:\developEnviromentQY\IDE\MAVEN\618Repository\org\springframework\boot\spring-boot-starter-json\2.1.4.RELEASE\spring-boot-starter-json-2.1.4.RELEASE.jar;D:\developEnviromentQY\IDE\MAVEN\618Repository\com\fasterxml\jackson\core\jackson-databind\2.9.8\jackson-databind-2.9.8.jar;D:\developEnviromentQY\IDE\MAVEN\618Repository\com\fasterxml\jackson\datatype\jackson-datatype-jdk8\2.9.8\jackson-datatype-jdk8-2.9.8.jar;D:\developEnviromentQY\IDE\MAVEN\618Repository\com\fasterxml\jackson\datatype\jackson-datatype-jsr310\2.9.8\jackson-datatype-jsr310-2.9.8.jar;D:\developEnviromentQY\IDE\MAVEN\618Repository\com\fasterxml\jackson\module\jackson-module-parameter-names\2.9.8\jackson-module-parameter-names-2.9.8.jar;D:\developEnviromentQY\IDE\MAVEN\618Repository\org\springframework\boot\spring-boot-starter-tomcat\2.1.4.RELEASE\spring-boot-starter-tomcat-2.1.4.RELEASE.jar;D:\developEnviromentQY\IDE\MAVEN\618Repository\org\apache\tomcat\embed\tomcat-embed-core\9.0.17\tomcat-embed-core-9.0.17.jar;D:\developEnviromentQY\IDE\MAVEN\618Repository\org\apache\tomcat\embed\tomcat-embed-el\9.0.17\tomcat-embed-el-9.0.17.jar;D:\developEnviromentQY\IDE\MAVEN\618Repository\org\apache\tomcat\embed\tomcat-embed-websocket\9.0.17\tomcat-embed-websocket-9.0.17.jar;D:\developEnviromentQY\IDE\MAVEN\618Repository\org\hibernate\validator\hibernate-validator\6.0.16.Final\hibernate-validator-6.0.16.Final.jar;D:\developEnviromentQY\IDE\MAVEN\618Repository\javax\validation\validation-api\2.0.1.Final\validation-api-2.0.1.Final.jar;D:\developEnviromentQY\IDE\MAVEN\618Repository\org\jboss\logging\jboss-logging\3.3.2.Final\jboss-logging-3.3.2.Final.jar;D:\developEnviromentQY\IDE\MAVEN\618Repository\com\fasterxml\classmate\1.4.0\classmate-1.4.0.jar;D:\developEnviromentQY\IDE\MAVEN\618Repository\org\springframework\spring-webmvc\5.1.6.RELEASE\spring-webmvc-5.1.6.RELEASE.jar;D:\developEnviromentQY\IDE\MAVEN\618Repository\org\springframework\spring-context\5.1.6.RELEASE\spring-context-5.1.6.RELEASE.jar;D:\developEnviromentQY\IDE\MAVEN\618Repository\org\springframework\spring-expression\5.1.6.RELEASE\spring-expression-5.1.6.RELEASE.jar;D:\developEnviromentQY\IDE\MAVEN\618Repository\org\springframework\boot\spring-boot-starter-cache\2.1.4.RELEASE\spring-boot-starter-cache-2.1.4.RELEASE.jar;D:\developEnviromentQY\IDE\MAVEN\618Repository\org\springframework\spring-context-support\5.1.6.RELEASE\spring-context-support-5.1.6.RELEASE.jar;D:\developEnviromentQY\IDE\MAVEN\618Repository\org\springframework\boot\spring-boot-configuration-processor\2.1.4.RELEASE\spring-boot-configuration-processor-2.1.4.RELEASE.jar;D:\developEnviromentQY\IDE\MAVEN\618Repository\org\springframework\boot\spring-boot-starter-test\2.1.4.RELEASE\spring-boot-starter-test-2.1.4.RELEASE.jar;D:\developEnviromentQY\IDE\MAVEN\618Repository\org\springframework\boot\spring-boot-test\2.1.4.RELEASE\spring-boot-test-2.1.4.RELEASE.jar;D:\developEnviromentQY\IDE\MAVEN\618Repository\org\springframework\boot\spring-boot-test-autoconfigure\2.1.4.RELEASE\spring-boot-test-autoconfigure-2.1.4.RELEASE.jar;D:\developEnviromentQY\IDE\MAVEN\618Repository\com\jayway\jsonpath\json-path\2.4.0\json-path-2.4.0.jar;D:\developEnviromentQY\IDE\MAVEN\618Repository\net\minidev\json-smart\2.3\json-smart-2.3.jar;D:\developEnviromentQY\IDE\MAVEN\618Repository\net\minidev\accessors-smart\1.2\accessors-smart-1.2.jar;D:\developEnviromentQY\IDE\MAVEN\618Repository\org\ow2\asm\asm\5.0.4\asm-5.0.4.jar;D:\developEnviromentQY\IDE\MAVEN\618Repository\junit\junit\4.12\junit-4.12.jar;D:\developEnviromentQY\IDE\MAVEN\618Repository\org\assertj\assertj-core\3.11.1\assertj-core-3.11.1.jar;D:\developEnviromentQY\IDE\MAVEN\618Repository\org\mockito\mockito-core\2.23.4\mockito-core-2.23.4.jar;D:\developEnviromentQY\IDE\MAVEN\618Repository\net\bytebuddy\byte-buddy\1.9.12\byte-buddy-1.9.12.jar;D:\developEnviromentQY\IDE\MAVEN\618Repository\net\bytebuddy\byte-buddy-agent\1.9.12\byte-buddy-agent-1.9.12.jar;D:\developEnviromentQY\IDE\MAVEN\618Repository\org\objenesis\objenesis\2.6\objenesis-2.6.jar;D:\developEnviromentQY\IDE\MAVEN\618Repository\org\hamcrest\hamcrest-core\1.3\hamcrest-core-1.3.jar;D:\developEnviromentQY\IDE\MAVEN\618Repository\org\hamcrest\hamcrest-library\1.3\hamcrest-library-1.3.jar;D:\developEnviromentQY\IDE\MAVEN\618Repository\org\skyscreamer\jsonassert\1.5.0\jsonassert-1.5.0.jar;D:\developEnviromentQY\IDE\MAVEN\618Repository\com\vaadin\external\google\android-json\0.0.20131108.vaadin1\android-json-0.0.20131108.vaadin1.jar;D:\developEnviromentQY\IDE\MAVEN\618Repository\org\springframework\spring-core\5.1.6.RELEASE\spring-core-5.1.6.RELEASE.jar;D:\developEnviromentQY\IDE\MAVEN\618Repository\org\springframework\spring-jcl\5.1.6.RELEASE\spring-jcl-5.1.6.RELEASE.jar;D:\developEnviromentQY\IDE\MAVEN\618Repository\org\springframework\spring-test\5.1.6.RELEASE\spring-test-5.1.6.RELEASE.jar;D:\developEnviromentQY\IDE\MAVEN\618Repository\org\xmlunit\xmlunit-core\2.6.2\xmlunit-core-2.6.2.jar;"/>
    <property name="sun.cpu.endian" value="little"/>
    <property name="user.home" value="C:\Users\Administrator"/>
    <property name="user.language" value="zh"/>
    <property name="java.specification.vendor" value="Oracle Corporation"/>
    <property name="java.home" value="D:\developEnviromentQY\jdk1.864\jdk1.8.0_131\jre"/>
    <property name="basedir" value="F:\workspace\pudding-kernel\kernel-core"/>
    <property name="file.separator" value="\"/>
    <property name="line.separator" value="&#10;"/>
    <property name="java.vm.specification.vendor" value="Oracle Corporation"/>
    <property name="java.specification.name" value="Java Platform API Specification"/>
    <property name="java.awt.graphicsenv" value="sun.awt.Win32GraphicsEnvironment"/>
    <property name="surefire.real.class.path" value="C:\Users\ADMINI~1\AppData\Local\Temp\surefire6331859723204687410\surefirebooter2368046244725468554.jar"/>
    <property name="sun.boot.class.path" value="D:\developEnviromentQY\jdk1.864\jdk1.8.0_131\jre\lib\resources.jar;D:\developEnviromentQY\jdk1.864\jdk1.8.0_131\jre\lib\rt.jar;D:\developEnviromentQY\jdk1.864\jdk1.8.0_131\jre\lib\sunrsasign.jar;D:\developEnviromentQY\jdk1.864\jdk1.8.0_131\jre\lib\jsse.jar;D:\developEnviromentQY\jdk1.864\jdk1.8.0_131\jre\lib\jce.jar;D:\developEnviromentQY\jdk1.864\jdk1.8.0_131\jre\lib\charsets.jar;D:\developEnviromentQY\jdk1.864\jdk1.8.0_131\jre\lib\jfr.jar;D:\developEnviromentQY\jdk1.864\jdk1.8.0_131\jre\classes"/>
    <property name="user.script" value=""/>
    <property name="sun.management.compiler" value="HotSpot 64-Bit Tiered Compilers"/>
    <property name="java.runtime.version" value="1.8.0_131-b11"/>
    <property name="user.name" value="Administrator"/>
    <property name="path.separator" value=";"/>
    <property name="os.version" value="6.1"/>
    <property name="java.endorsed.dirs" value="D:\developEnviromentQY\jdk1.864\jdk1.8.0_131\jre\lib\endorsed"/>
    <property name="java.runtime.name" value="Java(TM) SE Runtime Environment"/>
    <property name="file.encoding" value="GBK"/>
    <property name="java.vm.name" value="Java HotSpot(TM) 64-Bit Server VM"/>
    <property name="localRepository" value="D:\developEnviromentQY\IDE\MAVEN\618Repository"/>
    <property name="java.vendor.url.bug" value="http://bugreport.sun.com/bugreport/"/>
    <property name="java.io.tmpdir" value="C:\Users\ADMINI~1\AppData\Local\Temp\"/>
    <property name="idea.version" value="2018.1"/>
    <property name="java.version" value="1.8.0_131"/>
    <property name="user.dir" value="F:\workspace\pudding-kernel\kernel-core"/>
    <property name="os.arch" value="amd64"/>
    <property name="java.vm.specification.name" value="Java Virtual Machine Specification"/>
    <property name="java.awt.printerjob" value="sun.awt.windows.WPrinterJob"/>
    <property name="sun.os.patch.level" value="Service Pack 1"/>
    <property name="java.library.path" value="D:\developEnviromentQY\jdk1.864\jdk1.8.0_131\jre\bin;C:\Windows\Sun\Java\bin;C:\Windows\system32;C:\Windows;C:\ProgramData\Oracle\Java\javapath;C:\Windows\system32;C:\Windows;C:\Windows\System32\Wbem;D:\developEnviromentQY\jdk1.864\jdk1.8.0_131\bin;D:\developEnviromentQY\jdk1.864\jdk1.8.0_131\jre\bin;C:\Windows\System32\WindowsPowerShell\v1.0\;C:\Program Files\Lenovo\Bluetooth Software\;C:\Program Files\Lenovo\Bluetooth Software\syswow64;D:\developEnviromentQY\dataBaseL\MySQL Server 5.5\bin;D:\developEnviromentQY\dataBase\MySQL Server 5.5\bin;%M2HOME%\bin;C:\Program Files\Git\cmd;D:\developEnviromentQY\server\wildfly-101.Final\bin;%ERLANG_HOME%\bin;F:\rabitMqSoftware\RabbitMQ Server\rabbitmq_server-3.6.6\sbin;F:\rabitMqSoftware\RabbitMQ Server\rabbitmq_server-3.6.6\ebin;D:\developEnviromentQY\server\apache-tomcat-8.5.9\bin\;C:\Program Files (x86)\Sybase\PowerDynamo\win32;D:\developEnviromentQY\front\nodejs\;D:\developEnviromentQY\node\nodejs\;D:\developEnviromentQY\gosdk\go\bin\;F:\开发常用软件\netcat;C:\Users\Administrator\AppData\Roaming\npm;."/>
    <property name="java.vm.info" value="mixed mode"/>
    <property name="java.vendor" value="Oracle Corporation"/>
    <property name="java.vm.version" value="25.131-b11"/>
    <property name="java.ext.dirs" value="D:\developEnviromentQY\jdk1.864\jdk1.8.0_131\jre\lib\ext;C:\Windows\Sun\Java\lib\ext"/>
    <property name="sun.io.unicode.encoding" value="UnicodeLittle"/>
    <property name="java.class.version" value="52.0"/>
  </properties>
  <testcase name="shouldAnswerWithTrue" classname="com.mohism.pudding.AppTest" time="0.01"/>
</testsuite>