<?xml version="1.0" encoding="UTF-8"?>
<testsuite xmlns:xsi="http://www.w3.org/2001/XMLSchema-instance" xsi:noNamespaceSchemaLocation="https://maven.apache.org/surefire/maven-surefire-plugin/xsd/surefire-test-report.xsd" name="com.mohism.pudding.AppTest" time="0.052" tests="1" errors="0" skipped="0" failures="0">
  <properties>
    <property name="sun.desktop" value="windows"/>
    <property name="awt.toolkit" value="sun.awt.windows.WToolkit"/>
    <property name="file.encoding.pkg" value="sun.io"/>
    <property name="java.specification.version" value="1.8"/>
    <property name="sun.cpu.isalist" value="amd64"/>
    <property name="sun.jnu.encoding" value="GBK"/>
    <property name="java.class.path" value="H:\devHyc\workspace\pudding-kernel\kernel-core\target\test-classes;H:\devHyc\workspace\pudding-kernel\kernel-core\target\classes;H:\devHyc\workspace\pudding-kernel\kernel-model\target\kernel-model-0.0.1.jar;H:\devHyc\mvnRepository\org\projectlombok\lombok\1.18.4\lombok-1.18.4.jar;H:\devHyc\mvnRepository\cn\hutool\hutool-core\4.4.0\hutool-core-4.4.0.jar;H:\devHyc\mvnRepository\com\h2database\h2\1.4.199\h2-1.4.199.jar;H:\devHyc\mvnRepository\mysql\mysql-connector-java\8.0.15\mysql-connector-java-8.0.15.jar;H:\devHyc\mvnRepository\com\baomidou\mybatis-plus-boot-starter\3.1.0\mybatis-plus-boot-starter-3.1.0.jar;H:\devHyc\mvnRepository\org\springframework\boot\spring-boot-autoconfigure\2.1.4.RELEASE\spring-boot-autoconfigure-2.1.4.RELEASE.jar;H:\devHyc\mvnRepository\org\springframework\boot\spring-boot\2.1.4.RELEASE\spring-boot-2.1.4.RELEASE.jar;H:\devHyc\mvnRepository\com\baomidou\mybatis-plus\3.1.0\mybatis-plus-3.1.0.jar;H:\devHyc\mvnRepository\com\baomidou\mybatis-plus-extension\3.1.0\mybatis-plus-extension-3.1.0.jar;H:\devHyc\mvnRepository\com\baomidou\mybatis-plus-core\3.1.0\mybatis-plus-core-3.1.0.jar;H:\devHyc\mvnRepository\com\baomidou\mybatis-plus-annotation\3.1.0\mybatis-plus-annotation-3.1.0.jar;H:\devHyc\mvnRepository\org\mybatis\mybatis\3.5.0\mybatis-3.5.0.jar;H:\devHyc\mvnRepository\com\github\jsqlparser\jsqlparser\1.4\jsqlparser-1.4.jar;H:\devHyc\mvnRepository\org\mybatis\mybatis-spring\2.0.0\mybatis-spring-2.0.0.jar;H:\devHyc\mvnRepository\org\springframework\boot\spring-boot-starter-jdbc\2.1.4.RELEASE\spring-boot-starter-jdbc-2.1.4.RELEASE.jar;H:\devHyc\mvnRepository\org\springframework\boot\spring-boot-starter\2.1.4.RELEASE\spring-boot-starter-2.1.4.RELEASE.jar;H:\devHyc\mvnRepository\org\springframework\boot\spring-boot-starter-logging\2.1.4.RELEASE\spring-boot-starter-logging-2.1.4.RELEASE.jar;H:\devHyc\mvnRepository\ch\qos\logback\logback-classic\1.2.3\logback-classic-1.2.3.jar;H:\devHyc\mvnRepository\ch\qos\logback\logback-core\1.2.3\logback-core-1.2.3.jar;H:\devHyc\mvnRepository\org\apache\logging\log4j\log4j-to-slf4j\2.11.2\log4j-to-slf4j-2.11.2.jar;H:\devHyc\mvnRepository\org\apache\logging\log4j\log4j-api\2.11.2\log4j-api-2.11.2.jar;H:\devHyc\mvnRepository\org\slf4j\jul-to-slf4j\1.7.26\jul-to-slf4j-1.7.26.jar;H:\devHyc\mvnRepository\javax\annotation\javax.annotation-api\1.3.2\javax.annotation-api-1.3.2.jar;H:\devHyc\mvnRepository\org\yaml\snakeyaml\1.23\snakeyaml-1.23.jar;H:\devHyc\mvnRepository\com\zaxxer\HikariCP\3.2.0\HikariCP-3.2.0.jar;H:\devHyc\mvnRepository\org\slf4j\slf4j-api\1.7.26\slf4j-api-1.7.26.jar;H:\devHyc\mvnRepository\org\springframework\spring-jdbc\5.1.6.RELEASE\spring-jdbc-5.1.6.RELEASE.jar;H:\devHyc\mvnRepository\org\springframework\spring-beans\5.1.6.RELEASE\spring-beans-5.1.6.RELEASE.jar;H:\devHyc\mvnRepository\org\springframework\spring-tx\5.1.6.RELEASE\spring-tx-5.1.6.RELEASE.jar;H:\devHyc\mvnRepository\com\alibaba\druid\1.1.12\druid-1.1.12.jar;H:\devHyc\mvnRepository\com\alibaba\fastjson\1.2.56\fastjson-1.2.56.jar;H:\devHyc\mvnRepository\org\springframework\boot\spring-boot-starter-aop\2.1.4.RELEASE\spring-boot-starter-aop-2.1.4.RELEASE.jar;H:\devHyc\mvnRepository\org\springframework\spring-aop\5.1.6.RELEASE\spring-aop-5.1.6.RELEASE.jar;H:\devHyc\mvnRepository\org\aspectj\aspectjweaver\1.9.2\aspectjweaver-1.9.2.jar;H:\devHyc\mvnRepository\org\springframework\boot\spring-boot-starter-data-redis\2.1.4.RELEASE\spring-boot-starter-data-redis-2.1.4.RELEASE.jar;H:\devHyc\mvnRepository\org\springframework\data\spring-data-redis\2.1.6.RELEASE\spring-data-redis-2.1.6.RELEASE.jar;H:\devHyc\mvnRepository\org\springframework\data\spring-data-keyvalue\2.1.6.RELEASE\spring-data-keyvalue-2.1.6.RELEASE.jar;H:\devHyc\mvnRepository\org\springframework\data\spring-data-commons\2.1.6.RELEASE\spring-data-commons-2.1.6.RELEASE.jar;H:\devHyc\mvnRepository\org\springframework\spring-oxm\5.1.6.RELEASE\spring-oxm-5.1.6.RELEASE.jar;H:\devHyc\mvnRepository\io\lettuce\lettuce-core\5.1.6.RELEASE\lettuce-core-5.1.6.RELEASE.jar;H:\devHyc\mvnRepository\io\netty\netty-common\4.1.34.Final\netty-common-4.1.34.Final.jar;H:\devHyc\mvnRepository\io\netty\netty-handler\4.1.34.Final\netty-handler-4.1.34.Final.jar;H:\devHyc\mvnRepository\io\netty\netty-buffer\4.1.34.Final\netty-buffer-4.1.34.Final.jar;H:\devHyc\mvnRepository\io\netty\netty-codec\4.1.34.Final\netty-codec-4.1.34.Final.jar;H:\devHyc\mvnRepository\io\netty\netty-transport\4.1.34.Final\netty-transport-4.1.34.Final.jar;H:\devHyc\mvnRepository\io\netty\netty-resolver\4.1.34.Final\netty-resolver-4.1.34.Final.jar;H:\devHyc\mvnRepository\io\projectreactor\reactor-core\3.2.8.RELEASE\reactor-core-3.2.8.RELEASE.jar;H:\devHyc\mvnRepository\org\reactivestreams\reactive-streams\1.0.2\reactive-streams-1.0.2.jar;H:\devHyc\mvnRepository\javax\servlet\javax.servlet-api\4.0.1\javax.servlet-api-4.0.1.jar;H:\devHyc\mvnRepository\org\springframework\boot\spring-boot-starter-web\2.1.4.RELEASE\spring-boot-starter-web-2.1.4.RELEASE.jar;H:\devHyc\mvnRepository\org\springframework\boot\spring-boot-starter-json\2.1.4.RELEASE\spring-boot-starter-json-2.1.4.RELEASE.jar;H:\devHyc\mvnRepository\com\fasterxml\jackson\core\jackson-databind\2.9.8\jackson-databind-2.9.8.jar;H:\devHyc\mvnRepository\com\fasterxml\jackson\core\jackson-annotations\2.9.0\jackson-annotations-2.9.0.jar;H:\devHyc\mvnRepository\com\fasterxml\jackson\core\jackson-core\2.9.8\jackson-core-2.9.8.jar;H:\devHyc\mvnRepository\com\fasterxml\jackson\datatype\jackson-datatype-jdk8\2.9.8\jackson-datatype-jdk8-2.9.8.jar;H:\devHyc\mvnRepository\com\fasterxml\jackson\datatype\jackson-datatype-jsr310\2.9.8\jackson-datatype-jsr310-2.9.8.jar;H:\devHyc\mvnRepository\com\fasterxml\jackson\module\jackson-module-parameter-names\2.9.8\jackson-module-parameter-names-2.9.8.jar;H:\devHyc\mvnRepository\org\springframework\boot\spring-boot-starter-tomcat\2.1.4.RELEASE\spring-boot-starter-tomcat-2.1.4.RELEASE.jar;H:\devHyc\mvnRepository\org\apache\tomcat\embed\tomcat-embed-core\9.0.17\tomcat-embed-core-9.0.17.jar;H:\devHyc\mvnRepository\org\apache\tomcat\embed\tomcat-embed-el\9.0.17\tomcat-embed-el-9.0.17.jar;H:\devHyc\mvnRepository\org\apache\tomcat\embed\tomcat-embed-websocket\9.0.17\tomcat-embed-websocket-9.0.17.jar;H:\devHyc\mvnRepository\org\hibernate\validator\hibernate-validator\6.0.16.Final\hibernate-validator-6.0.16.Final.jar;H:\devHyc\mvnRepository\javax\validation\validation-api\2.0.1.Final\validation-api-2.0.1.Final.jar;H:\devHyc\mvnRepository\org\jboss\logging\jboss-logging\3.3.2.Final\jboss-logging-3.3.2.Final.jar;H:\devHyc\mvnRepository\com\fasterxml\classmate\1.4.0\classmate-1.4.0.jar;H:\devHyc\mvnRepository\org\springframework\spring-web\5.1.6.RELEASE\spring-web-5.1.6.RELEASE.jar;H:\devHyc\mvnRepository\org\springframework\spring-webmvc\5.1.6.RELEASE\spring-webmvc-5.1.6.RELEASE.jar;H:\devHyc\mvnRepository\org\springframework\spring-context\5.1.6.RELEASE\spring-context-5.1.6.RELEASE.jar;H:\devHyc\mvnRepository\org\springframework\spring-expression\5.1.6.RELEASE\spring-expression-5.1.6.RELEASE.jar;H:\devHyc\mvnRepository\org\springframework\boot\spring-boot-starter-cache\2.1.4.RELEASE\spring-boot-starter-cache-2.1.4.RELEASE.jar;H:\devHyc\mvnRepository\org\springframework\spring-context-support\5.1.6.RELEASE\spring-context-support-5.1.6.RELEASE.jar;H:\devHyc\mvnRepository\org\springframework\boot\spring-boot-configuration-processor\2.1.4.RELEASE\spring-boot-configuration-processor-2.1.4.RELEASE.jar;H:\devHyc\mvnRepository\org\springframework\boot\spring-boot-starter-test\2.1.4.RELEASE\spring-boot-starter-test-2.1.4.RELEASE.jar;H:\devHyc\mvnRepository\org\springframework\boot\spring-boot-test\2.1.4.RELEASE\spring-boot-test-2.1.4.RELEASE.jar;H:\devHyc\mvnRepository\org\springframework\boot\spring-boot-test-autoconfigure\2.1.4.RELEASE\spring-boot-test-autoconfigure-2.1.4.RELEASE.jar;H:\devHyc\mvnRepository\com\jayway\jsonpath\json-path\2.4.0\json-path-2.4.0.jar;H:\devHyc\mvnRepository\net\minidev\json-smart\2.3\json-smart-2.3.jar;H:\devHyc\mvnRepository\net\minidev\accessors-smart\1.2\accessors-smart-1.2.jar;H:\devHyc\mvnRepository\org\ow2\asm\asm\5.0.4\asm-5.0.4.jar;H:\devHyc\mvnRepository\junit\junit\4.12\junit-4.12.jar;H:\devHyc\mvnRepository\org\assertj\assertj-core\3.11.1\assertj-core-3.11.1.jar;H:\devHyc\mvnRepository\org\mockito\mockito-core\2.23.4\mockito-core-2.23.4.jar;H:\devHyc\mvnRepository\net\bytebuddy\byte-buddy\1.9.12\byte-buddy-1.9.12.jar;H:\devHyc\mvnRepository\net\bytebuddy\byte-buddy-agent\1.9.12\byte-buddy-agent-1.9.12.jar;H:\devHyc\mvnRepository\org\objenesis\objenesis\2.6\objenesis-2.6.jar;H:\devHyc\mvnRepository\org\hamcrest\hamcrest-core\1.3\hamcrest-core-1.3.jar;H:\devHyc\mvnRepository\org\hamcrest\hamcrest-library\1.3\hamcrest-library-1.3.jar;H:\devHyc\mvnRepository\org\skyscreamer\jsonassert\1.5.0\jsonassert-1.5.0.jar;H:\devHyc\mvnRepository\com\vaadin\external\google\android-json\0.0.20131108.vaadin1\android-json-0.0.20131108.vaadin1.jar;H:\devHyc\mvnRepository\org\springframework\spring-core\5.1.6.RELEASE\spring-core-5.1.6.RELEASE.jar;H:\devHyc\mvnRepository\org\springframework\spring-jcl\5.1.6.RELEASE\spring-jcl-5.1.6.RELEASE.jar;H:\devHyc\mvnRepository\org\springframework\spring-test\5.1.6.RELEASE\spring-test-5.1.6.RELEASE.jar;H:\devHyc\mvnRepository\org\xmlunit\xmlunit-core\2.6.2\xmlunit-core-2.6.2.jar;"/>
    <property name="java.vm.vendor" value="Oracle Corporation"/>
    <property name="sun.arch.data.model" value="64"/>
    <property name="user.variant" value=""/>
    <property name="java.vendor.url" value="http://java.oracle.com/"/>
    <property name="user.timezone" value="Asia/Shanghai"/>
    <property name="java.vm.specification.version" value="1.8"/>
    <property name="os.name" value="Windows 10"/>
    <property name="user.country" value="CN"/>
    <property name="sun.java.launcher" value="SUN_STANDARD"/>
    <property name="sun.boot.library.path" value="D:\devHYC\JDK\jdk18\jre\bin"/>
    <property name="sun.java.command" value="C:\Users\Lenovo\AppData\Local\Temp\surefire2481372774110636725\surefirebooter5436740827136102684.jar C:\Users\Lenovo\AppData\Local\Temp\surefire2481372774110636725 2019-05-13T13-46-48_511-jvmRun1 surefire2268153718909147035tmp surefire_24220524709561926314tmp"/>
    <property name="surefire.test.class.path" value="H:\devHyc\workspace\pudding-kernel\kernel-core\target\test-classes;H:\devHyc\workspace\pudding-kernel\kernel-core\target\classes;H:\devHyc\workspace\pudding-kernel\kernel-model\target\kernel-model-0.0.1.jar;H:\devHyc\mvnRepository\org\projectlombok\lombok\1.18.4\lombok-1.18.4.jar;H:\devHyc\mvnRepository\cn\hutool\hutool-core\4.4.0\hutool-core-4.4.0.jar;H:\devHyc\mvnRepository\com\h2database\h2\1.4.199\h2-1.4.199.jar;H:\devHyc\mvnRepository\mysql\mysql-connector-java\8.0.15\mysql-connector-java-8.0.15.jar;H:\devHyc\mvnRepository\com\baomidou\mybatis-plus-boot-starter\3.1.0\mybatis-plus-boot-starter-3.1.0.jar;H:\devHyc\mvnRepository\org\springframework\boot\spring-boot-autoconfigure\2.1.4.RELEASE\spring-boot-autoconfigure-2.1.4.RELEASE.jar;H:\devHyc\mvnRepository\org\springframework\boot\spring-boot\2.1.4.RELEASE\spring-boot-2.1.4.RELEASE.jar;H:\devHyc\mvnRepository\com\baomidou\mybatis-plus\3.1.0\mybatis-plus-3.1.0.jar;H:\devHyc\mvnRepository\com\baomidou\mybatis-plus-extension\3.1.0\mybatis-plus-extension-3.1.0.jar;H:\devHyc\mvnRepository\com\baomidou\mybatis-plus-core\3.1.0\mybatis-plus-core-3.1.0.jar;H:\devHyc\mvnRepository\com\baomidou\mybatis-plus-annotation\3.1.0\mybatis-plus-annotation-3.1.0.jar;H:\devHyc\mvnRepository\org\mybatis\mybatis\3.5.0\mybatis-3.5.0.jar;H:\devHyc\mvnRepository\com\github\jsqlparser\jsqlparser\1.4\jsqlparser-1.4.jar;H:\devHyc\mvnRepository\org\mybatis\mybatis-spring\2.0.0\mybatis-spring-2.0.0.jar;H:\devHyc\mvnRepository\org\springframework\boot\spring-boot-starter-jdbc\2.1.4.RELEASE\spring-boot-starter-jdbc-2.1.4.RELEASE.jar;H:\devHyc\mvnRepository\org\springframework\boot\spring-boot-starter\2.1.4.RELEASE\spring-boot-starter-2.1.4.RELEASE.jar;H:\devHyc\mvnRepository\org\springframework\boot\spring-boot-starter-logging\2.1.4.RELEASE\spring-boot-starter-logging-2.1.4.RELEASE.jar;H:\devHyc\mvnRepository\ch\qos\logback\logback-classic\1.2.3\logback-classic-1.2.3.jar;H:\devHyc\mvnRepository\ch\qos\logback\logback-core\1.2.3\logback-core-1.2.3.jar;H:\devHyc\mvnRepository\org\apache\logging\log4j\log4j-to-slf4j\2.11.2\log4j-to-slf4j-2.11.2.jar;H:\devHyc\mvnRepository\org\apache\logging\log4j\log4j-api\2.11.2\log4j-api-2.11.2.jar;H:\devHyc\mvnRepository\org\slf4j\jul-to-slf4j\1.7.26\jul-to-slf4j-1.7.26.jar;H:\devHyc\mvnRepository\javax\annotation\javax.annotation-api\1.3.2\javax.annotation-api-1.3.2.jar;H:\devHyc\mvnRepository\org\yaml\snakeyaml\1.23\snakeyaml-1.23.jar;H:\devHyc\mvnRepository\com\zaxxer\HikariCP\3.2.0\HikariCP-3.2.0.jar;H:\devHyc\mvnRepository\org\slf4j\slf4j-api\1.7.26\slf4j-api-1.7.26.jar;H:\devHyc\mvnRepository\org\springframework\spring-jdbc\5.1.6.RELEASE\spring-jdbc-5.1.6.RELEASE.jar;H:\devHyc\mvnRepository\org\springframework\spring-beans\5.1.6.RELEASE\spring-beans-5.1.6.RELEASE.jar;H:\devHyc\mvnRepository\org\springframework\spring-tx\5.1.6.RELEASE\spring-tx-5.1.6.RELEASE.jar;H:\devHyc\mvnRepository\com\alibaba\druid\1.1.12\druid-1.1.12.jar;H:\devHyc\mvnRepository\com\alibaba\fastjson\1.2.56\fastjson-1.2.56.jar;H:\devHyc\mvnRepository\org\springframework\boot\spring-boot-starter-aop\2.1.4.RELEASE\spring-boot-starter-aop-2.1.4.RELEASE.jar;H:\devHyc\mvnRepository\org\springframework\spring-aop\5.1.6.RELEASE\spring-aop-5.1.6.RELEASE.jar;H:\devHyc\mvnRepository\org\aspectj\aspectjweaver\1.9.2\aspectjweaver-1.9.2.jar;H:\devHyc\mvnRepository\org\springframework\boot\spring-boot-starter-data-redis\2.1.4.RELEASE\spring-boot-starter-data-redis-2.1.4.RELEASE.jar;H:\devHyc\mvnRepository\org\springframework\data\spring-data-redis\2.1.6.RELEASE\spring-data-redis-2.1.6.RELEASE.jar;H:\devHyc\mvnRepository\org\springframework\data\spring-data-keyvalue\2.1.6.RELEASE\spring-data-keyvalue-2.1.6.RELEASE.jar;H:\devHyc\mvnRepository\org\springframework\data\spring-data-commons\2.1.6.RELEASE\spring-data-commons-2.1.6.RELEASE.jar;H:\devHyc\mvnRepository\org\springframework\spring-oxm\5.1.6.RELEASE\spring-oxm-5.1.6.RELEASE.jar;H:\devHyc\mvnRepository\io\lettuce\lettuce-core\5.1.6.RELEASE\lettuce-core-5.1.6.RELEASE.jar;H:\devHyc\mvnRepository\io\netty\netty-common\4.1.34.Final\netty-common-4.1.34.Final.jar;H:\devHyc\mvnRepository\io\netty\netty-handler\4.1.34.Final\netty-handler-4.1.34.Final.jar;H:\devHyc\mvnRepository\io\netty\netty-buffer\4.1.34.Final\netty-buffer-4.1.34.Final.jar;H:\devHyc\mvnRepository\io\netty\netty-codec\4.1.34.Final\netty-codec-4.1.34.Final.jar;H:\devHyc\mvnRepository\io\netty\netty-transport\4.1.34.Final\netty-transport-4.1.34.Final.jar;H:\devHyc\mvnRepository\io\netty\netty-resolver\4.1.34.Final\netty-resolver-4.1.34.Final.jar;H:\devHyc\mvnRepository\io\projectreactor\reactor-core\3.2.8.RELEASE\reactor-core-3.2.8.RELEASE.jar;H:\devHyc\mvnRepository\org\reactivestreams\reactive-streams\1.0.2\reactive-streams-1.0.2.jar;H:\devHyc\mvnRepository\javax\servlet\javax.servlet-api\4.0.1\javax.servlet-api-4.0.1.jar;H:\devHyc\mvnRepository\org\springframework\boot\spring-boot-starter-web\2.1.4.RELEASE\spring-boot-starter-web-2.1.4.RELEASE.jar;H:\devHyc\mvnRepository\org\springframework\boot\spring-boot-starter-json\2.1.4.RELEASE\spring-boot-starter-json-2.1.4.RELEASE.jar;H:\devHyc\mvnRepository\com\fasterxml\jackson\core\jackson-databind\2.9.8\jackson-databind-2.9.8.jar;H:\devHyc\mvnRepository\com\fasterxml\jackson\core\jackson-annotations\2.9.0\jackson-annotations-2.9.0.jar;H:\devHyc\mvnRepository\com\fasterxml\jackson\core\jackson-core\2.9.8\jackson-core-2.9.8.jar;H:\devHyc\mvnRepository\com\fasterxml\jackson\datatype\jackson-datatype-jdk8\2.9.8\jackson-datatype-jdk8-2.9.8.jar;H:\devHyc\mvnRepository\com\fasterxml\jackson\datatype\jackson-datatype-jsr310\2.9.8\jackson-datatype-jsr310-2.9.8.jar;H:\devHyc\mvnRepository\com\fasterxml\jackson\module\jackson-module-parameter-names\2.9.8\jackson-module-parameter-names-2.9.8.jar;H:\devHyc\mvnRepository\org\springframework\boot\spring-boot-starter-tomcat\2.1.4.RELEASE\spring-boot-starter-tomcat-2.1.4.RELEASE.jar;H:\devHyc\mvnRepository\org\apache\tomcat\embed\tomcat-embed-core\9.0.17\tomcat-embed-core-9.0.17.jar;H:\devHyc\mvnRepository\org\apache\tomcat\embed\tomcat-embed-el\9.0.17\tomcat-embed-el-9.0.17.jar;H:\devHyc\mvnRepository\org\apache\tomcat\embed\tomcat-embed-websocket\9.0.17\tomcat-embed-websocket-9.0.17.jar;H:\devHyc\mvnRepository\org\hibernate\validator\hibernate-validator\6.0.16.Final\hibernate-validator-6.0.16.Final.jar;H:\devHyc\mvnRepository\javax\validation\validation-api\2.0.1.Final\validation-api-2.0.1.Final.jar;H:\devHyc\mvnRepository\org\jboss\logging\jboss-logging\3.3.2.Final\jboss-logging-3.3.2.Final.jar;H:\devHyc\mvnRepository\com\fasterxml\classmate\1.4.0\classmate-1.4.0.jar;H:\devHyc\mvnRepository\org\springframework\spring-web\5.1.6.RELEASE\spring-web-5.1.6.RELEASE.jar;H:\devHyc\mvnRepository\org\springframework\spring-webmvc\5.1.6.RELEASE\spring-webmvc-5.1.6.RELEASE.jar;H:\devHyc\mvnRepository\org\springframework\spring-context\5.1.6.RELEASE\spring-context-5.1.6.RELEASE.jar;H:\devHyc\mvnRepository\org\springframework\spring-expression\5.1.6.RELEASE\spring-expression-5.1.6.RELEASE.jar;H:\devHyc\mvnRepository\org\springframework\boot\spring-boot-starter-cache\2.1.4.RELEASE\spring-boot-starter-cache-2.1.4.RELEASE.jar;H:\devHyc\mvnRepository\org\springframework\spring-context-support\5.1.6.RELEASE\spring-context-support-5.1.6.RELEASE.jar;H:\devHyc\mvnRepository\org\springframework\boot\spring-boot-configuration-processor\2.1.4.RELEASE\spring-boot-configuration-processor-2.1.4.RELEASE.jar;H:\devHyc\mvnRepository\org\springframework\boot\spring-boot-starter-test\2.1.4.RELEASE\spring-boot-starter-test-2.1.4.RELEASE.jar;H:\devHyc\mvnRepository\org\springframework\boot\spring-boot-test\2.1.4.RELEASE\spring-boot-test-2.1.4.RELEASE.jar;H:\devHyc\mvnRepository\org\springframework\boot\spring-boot-test-autoconfigure\2.1.4.RELEASE\spring-boot-test-autoconfigure-2.1.4.RELEASE.jar;H:\devHyc\mvnRepository\com\jayway\jsonpath\json-path\2.4.0\json-path-2.4.0.jar;H:\devHyc\mvnRepository\net\minidev\json-smart\2.3\json-smart-2.3.jar;H:\devHyc\mvnRepository\net\minidev\accessors-smart\1.2\accessors-smart-1.2.jar;H:\devHyc\mvnRepository\org\ow2\asm\asm\5.0.4\asm-5.0.4.jar;H:\devHyc\mvnRepository\junit\junit\4.12\junit-4.12.jar;H:\devHyc\mvnRepository\org\assertj\assertj-core\3.11.1\assertj-core-3.11.1.jar;H:\devHyc\mvnRepository\org\mockito\mockito-core\2.23.4\mockito-core-2.23.4.jar;H:\devHyc\mvnRepository\net\bytebuddy\byte-buddy\1.9.12\byte-buddy-1.9.12.jar;H:\devHyc\mvnRepository\net\bytebuddy\byte-buddy-agent\1.9.12\byte-buddy-agent-1.9.12.jar;H:\devHyc\mvnRepository\org\objenesis\objenesis\2.6\objenesis-2.6.jar;H:\devHyc\mvnRepository\org\hamcrest\hamcrest-core\1.3\hamcrest-core-1.3.jar;H:\devHyc\mvnRepository\org\hamcrest\hamcrest-library\1.3\hamcrest-library-1.3.jar;H:\devHyc\mvnRepository\org\skyscreamer\jsonassert\1.5.0\jsonassert-1.5.0.jar;H:\devHyc\mvnRepository\com\vaadin\external\google\android-json\0.0.20131108.vaadin1\android-json-0.0.20131108.vaadin1.jar;H:\devHyc\mvnRepository\org\springframework\spring-core\5.1.6.RELEASE\spring-core-5.1.6.RELEASE.jar;H:\devHyc\mvnRepository\org\springframework\spring-jcl\5.1.6.RELEASE\spring-jcl-5.1.6.RELEASE.jar;H:\devHyc\mvnRepository\org\springframework\spring-test\5.1.6.RELEASE\spring-test-5.1.6.RELEASE.jar;H:\devHyc\mvnRepository\org\xmlunit\xmlunit-core\2.6.2\xmlunit-core-2.6.2.jar;"/>
    <property name="sun.cpu.endian" value="little"/>
    <property name="user.home" value="C:\Users\Lenovo"/>
    <property name="user.language" value="zh"/>
    <property name="java.specification.vendor" value="Oracle Corporation"/>
    <property name="java.home" value="D:\devHYC\JDK\jdk18\jre"/>
    <property name="basedir" value="H:\devHyc\workspace\pudding-kernel\kernel-core"/>
    <property name="file.separator" value="\"/>
    <property name="line.separator" value="&#10;"/>
    <property name="java.vm.specification.vendor" value="Oracle Corporation"/>
    <property name="java.specification.name" value="Java Platform API Specification"/>
    <property name="java.awt.graphicsenv" value="sun.awt.Win32GraphicsEnvironment"/>
    <property name="surefire.real.class.path" value="C:\Users\Lenovo\AppData\Local\Temp\surefire2481372774110636725\surefirebooter5436740827136102684.jar"/>
    <property name="sun.boot.class.path" value="D:\devHYC\JDK\jdk18\jre\lib\resources.jar;D:\devHYC\JDK\jdk18\jre\lib\rt.jar;D:\devHYC\JDK\jdk18\jre\lib\sunrsasign.jar;D:\devHYC\JDK\jdk18\jre\lib\jsse.jar;D:\devHYC\JDK\jdk18\jre\lib\jce.jar;D:\devHYC\JDK\jdk18\jre\lib\charsets.jar;D:\devHYC\JDK\jdk18\jre\lib\jfr.jar;D:\devHYC\JDK\jdk18\jre\classes"/>
    <property name="user.script" value=""/>
    <property name="sun.management.compiler" value="HotSpot 64-Bit Tiered Compilers"/>
    <property name="java.runtime.version" value="1.8.0_181-b13"/>
    <property name="user.name" value="Lenovo"/>
    <property name="path.separator" value=";"/>
    <property name="os.version" value="10.0"/>
    <property name="java.endorsed.dirs" value="D:\devHYC\JDK\jdk18\jre\lib\endorsed"/>
    <property name="java.runtime.name" value="Java(TM) SE Runtime Environment"/>
    <property name="file.encoding" value="GBK"/>
    <property name="java.vm.name" value="Java HotSpot(TM) 64-Bit Server VM"/>
    <property name="localRepository" value="H:\devHyc\mvnRepository"/>
    <property name="java.vendor.url.bug" value="http://bugreport.sun.com/bugreport/"/>
    <property name="java.io.tmpdir" value="C:\Users\Lenovo\AppData\Local\Temp\"/>
    <property name="java.version" value="1.8.0_181"/>
    <property name="user.dir" value="H:\devHyc\workspace\pudding-kernel\kernel-core"/>
    <property name="os.arch" value="amd64"/>
    <property name="java.vm.specification.name" value="Java Virtual Machine Specification"/>
    <property name="java.awt.printerjob" value="sun.awt.windows.WPrinterJob"/>
    <property name="sun.os.patch.level" value=""/>
    <property name="idea.version2019.1.1" value="true"/>
    <property name="java.library.path" value="D:\devHYC\JDK\jdk18\jre\bin;C:\WINDOWS\Sun\Java\bin;C:\WINDOWS\system32;C:\WINDOWS;C:\Program Files (x86)\Common Files\Oracle\Java\javapath;C:\Program Files (x86)\Intel\iCLS Client\;C:\Program Files\Intel\iCLS Client\;C:\WINDOWS\system32;C:\WINDOWS;C:\WINDOWS\System32\Wbem;C:\WINDOWS\System32\WindowsPowerShell\v1.0\;C:\Program Files (x86)\Intel\Intel(R) Management Engine Components\DAL;C:\Program Files\Intel\Intel(R) Management Engine Components\DAL;C:\Program Files (x86)\Intel\Intel(R) Management Engine Components\IPT;C:\Program Files\Intel\Intel(R) Management Engine Components\IPT;D:\devHYC\JDK\jdk18\bin;D:\devHYC\JDK\jdk18\jre\bin;D:\devHYC\IDE\maven\apache-maven-3.3.9\bin;D:\devHYC\devTools\svn\bin;D:\devHYC\dataBase\mysql-5.7.21\bin;C:\WINDOWS\System32\OpenSSH\;D:\devHYC\vcs\Git\cmd;F:\software\nodejs\;D:\devHYC\SDK\Go\bin;C:\Users\Lenovo\AppData\Local\Microsoft\WindowsApps;C:\Users\Lenovo\AppData\Roaming\npm;C:\Users\Lenovo\go\bin;."/>
    <property name="java.vm.info" value="mixed mode"/>
    <property name="java.vendor" value="Oracle Corporation"/>
    <property name="java.vm.version" value="25.181-b13"/>
    <property name="java.ext.dirs" value="D:\devHYC\JDK\jdk18\jre\lib\ext;C:\WINDOWS\Sun\Java\lib\ext"/>
    <property name="sun.io.unicode.encoding" value="UnicodeLittle"/>
    <property name="maven.repo.local" value="H:\devHyc\mvnRepository"/>
    <property name="java.class.version" value="52.0"/>
  </properties>
  <testcase name="shouldAnswerWithTrue" classname="com.mohism.pudding.AppTest" time="0.001"/>
</testsuite>