<?xml version="1.0" encoding="UTF-8"?>
<testsuite xmlns:xsi="http://www.w3.org/2001/XMLSchema-instance" xsi:noNamespaceSchemaLocation="https://maven.apache.org/surefire/maven-surefire-plugin/xsd/surefire-test-report.xsd" name="com.mohism.pudding.AppTest" time="0.129" tests="1" errors="0" skipped="0" failures="0">
  <properties>
    <property name="sun.desktop" value="windows"/>
    <property name="awt.toolkit" value="sun.awt.windows.WToolkit"/>
    <property name="file.encoding.pkg" value="sun.io"/>
    <property name="java.specification.version" value="1.8"/>
    <property name="sun.cpu.isalist" value="amd64"/>
    <property name="sun.jnu.encoding" value="GBK"/>
    <property name="java.class.path" value="F:\workspace\pudding-kernel\kernel-logger\target\test-classes;F:\workspace\pudding-kernel\kernel-logger\target\classes;D:\developEnviromentQY\IDE\MAVEN\618Repository\com\mohism\pudding\kernel-core\0.0.1\kernel-core-0.0.1.jar;D:\developEnviromentQY\IDE\MAVEN\618Repository\com\mohism\pudding\kernel-model\0.0.1\kernel-model-0.0.1.jar;D:\developEnviromentQY\IDE\MAVEN\618Repository\mysql\mysql-connector-java\8.0.15\mysql-connector-java-8.0.15.jar;D:\developEnviromentQY\IDE\MAVEN\618Repository\com\baomidou\mybatis-plus-boot-starter\3.1.0\mybatis-plus-boot-starter-3.1.0.jar;D:\developEnviromentQY\IDE\MAVEN\618Repository\com\baomidou\mybatis-plus\3.1.0\mybatis-plus-3.1.0.jar;D:\developEnviromentQY\IDE\MAVEN\618Repository\com\baomidou\mybatis-plus-extension\3.1.0\mybatis-plus-extension-3.1.0.jar;D:\developEnviromentQY\IDE\MAVEN\618Repository\com\baomidou\mybatis-plus-core\3.1.0\mybatis-plus-core-3.1.0.jar;D:\developEnviromentQY\IDE\MAVEN\618Repository\com\baomidou\mybatis-plus-annotation\3.1.0\mybatis-plus-annotation-3.1.0.jar;D:\developEnviromentQY\IDE\MAVEN\618Repository\org\mybatis\mybatis\3.5.0\mybatis-3.5.0.jar;D:\developEnviromentQY\IDE\MAVEN\618Repository\com\github\jsqlparser\jsqlparser\1.4\jsqlparser-1.4.jar;D:\developEnviromentQY\IDE\MAVEN\618Repository\org\mybatis\mybatis-spring\2.0.0\mybatis-spring-2.0.0.jar;D:\developEnviromentQY\IDE\MAVEN\618Repository\org\springframework\boot\spring-boot-starter-jdbc\2.1.4.RELEASE\spring-boot-starter-jdbc-2.1.4.RELEASE.jar;D:\developEnviromentQY\IDE\MAVEN\618Repository\com\zaxxer\HikariCP\3.2.0\HikariCP-3.2.0.jar;D:\developEnviromentQY\IDE\MAVEN\618Repository\org\springframework\spring-jdbc\5.1.6.RELEASE\spring-jdbc-5.1.6.RELEASE.jar;D:\developEnviromentQY\IDE\MAVEN\618Repository\org\springframework\spring-tx\5.1.6.RELEASE\spring-tx-5.1.6.RELEASE.jar;D:\developEnviromentQY\IDE\MAVEN\618Repository\com\alibaba\druid\1.1.12\druid-1.1.12.jar;D:\developEnviromentQY\IDE\MAVEN\618Repository\cn\hutool\hutool-core\4.4.0\hutool-core-4.4.0.jar;D:\developEnviromentQY\IDE\MAVEN\618Repository\com\alibaba\fastjson\1.2.56\fastjson-1.2.56.jar;D:\developEnviromentQY\IDE\MAVEN\618Repository\org\springframework\boot\spring-boot-starter-aop\2.1.4.RELEASE\spring-boot-starter-aop-2.1.4.RELEASE.jar;D:\developEnviromentQY\IDE\MAVEN\618Repository\org\springframework\spring-aop\5.1.6.RELEASE\spring-aop-5.1.6.RELEASE.jar;D:\developEnviromentQY\IDE\MAVEN\618Repository\org\aspectj\aspectjweaver\1.9.2\aspectjweaver-1.9.2.jar;D:\developEnviromentQY\IDE\MAVEN\618Repository\com\mohism\pudding\kernel-validator\0.0.1\kernel-validator-0.0.1.jar;D:\developEnviromentQY\IDE\MAVEN\618Repository\org\projectlombok\lombok\1.18.4\lombok-1.18.4.jar;D:\developEnviromentQY\IDE\MAVEN\618Repository\org\springframework\boot\spring-boot-starter\2.1.4.RELEASE\spring-boot-starter-2.1.4.RELEASE.jar;D:\developEnviromentQY\IDE\MAVEN\618Repository\org\springframework\boot\spring-boot\2.1.4.RELEASE\spring-boot-2.1.4.RELEASE.jar;D:\developEnviromentQY\IDE\MAVEN\618Repository\org\springframework\spring-context\5.1.6.RELEASE\spring-context-5.1.6.RELEASE.jar;D:\developEnviromentQY\IDE\MAVEN\618Repository\org\springframework\spring-expression\5.1.6.RELEASE\spring-expression-5.1.6.RELEASE.jar;D:\developEnviromentQY\IDE\MAVEN\618Repository\org\springframework\boot\spring-boot-autoconfigure\2.1.4.RELEASE\spring-boot-autoconfigure-2.1.4.RELEASE.jar;D:\developEnviromentQY\IDE\MAVEN\618Repository\org\springframework\boot\spring-boot-starter-logging\2.1.4.RELEASE\spring-boot-starter-logging-2.1.4.RELEASE.jar;D:\developEnviromentQY\IDE\MAVEN\618Repository\ch\qos\logback\logback-classic\1.2.3\logback-classic-1.2.3.jar;D:\developEnviromentQY\IDE\MAVEN\618Repository\ch\qos\logback\logback-core\1.2.3\logback-core-1.2.3.jar;D:\developEnviromentQY\IDE\MAVEN\618Repository\org\apache\logging\log4j\log4j-to-slf4j\2.11.2\log4j-to-slf4j-2.11.2.jar;D:\developEnviromentQY\IDE\MAVEN\618Repository\org\apache\logging\log4j\log4j-api\2.11.2\log4j-api-2.11.2.jar;D:\developEnviromentQY\IDE\MAVEN\618Repository\org\slf4j\jul-to-slf4j\1.7.26\jul-to-slf4j-1.7.26.jar;D:\developEnviromentQY\IDE\MAVEN\618Repository\javax\annotation\javax.annotation-api\1.3.2\javax.annotation-api-1.3.2.jar;D:\developEnviromentQY\IDE\MAVEN\618Repository\org\springframework\spring-core\5.1.6.RELEASE\spring-core-5.1.6.RELEASE.jar;D:\developEnviromentQY\IDE\MAVEN\618Repository\org\springframework\spring-jcl\5.1.6.RELEASE\spring-jcl-5.1.6.RELEASE.jar;D:\developEnviromentQY\IDE\MAVEN\618Repository\org\yaml\snakeyaml\1.23\snakeyaml-1.23.jar;D:\developEnviromentQY\IDE\MAVEN\618Repository\javax\servlet\javax.servlet-api\4.0.1\javax.servlet-api-4.0.1.jar;D:\developEnviromentQY\IDE\MAVEN\618Repository\org\springframework\kafka\spring-kafka\1.2.2.RELEASE\spring-kafka-1.2.2.RELEASE.jar;D:\developEnviromentQY\IDE\MAVEN\618Repository\org\springframework\spring-messaging\5.1.6.RELEASE\spring-messaging-5.1.6.RELEASE.jar;D:\developEnviromentQY\IDE\MAVEN\618Repository\org\springframework\spring-beans\5.1.6.RELEASE\spring-beans-5.1.6.RELEASE.jar;D:\developEnviromentQY\IDE\MAVEN\618Repository\org\springframework\retry\spring-retry\1.2.4.RELEASE\spring-retry-1.2.4.RELEASE.jar;D:\developEnviromentQY\IDE\MAVEN\618Repository\org\apache\kafka\kafka-clients\2.0.1\kafka-clients-2.0.1.jar;D:\developEnviromentQY\IDE\MAVEN\618Repository\org\lz4\lz4-java\1.4.1\lz4-java-1.4.1.jar;D:\developEnviromentQY\IDE\MAVEN\618Repository\org\xerial\snappy\snappy-java\1.1.7.1\snappy-java-1.1.7.1.jar;D:\developEnviromentQY\IDE\MAVEN\618Repository\org\springframework\boot\spring-boot-configuration-processor\2.1.4.RELEASE\spring-boot-configuration-processor-2.1.4.RELEASE.jar;D:\developEnviromentQY\IDE\MAVEN\618Repository\org\springframework\boot\spring-boot-starter-test\2.1.4.RELEASE\spring-boot-starter-test-2.1.4.RELEASE.jar;D:\developEnviromentQY\IDE\MAVEN\618Repository\org\springframework\boot\spring-boot-test\2.1.4.RELEASE\spring-boot-test-2.1.4.RELEASE.jar;D:\developEnviromentQY\IDE\MAVEN\618Repository\org\springframework\boot\spring-boot-test-autoconfigure\2.1.4.RELEASE\spring-boot-test-autoconfigure-2.1.4.RELEASE.jar;D:\developEnviromentQY\IDE\MAVEN\618Repository\com\jayway\jsonpath\json-path\2.4.0\json-path-2.4.0.jar;D:\developEnviromentQY\IDE\MAVEN\618Repository\net\minidev\json-smart\2.3\json-smart-2.3.jar;D:\developEnviromentQY\IDE\MAVEN\618Repository\net\minidev\accessors-smart\1.2\accessors-smart-1.2.jar;D:\developEnviromentQY\IDE\MAVEN\618Repository\org\ow2\asm\asm\5.0.4\asm-5.0.4.jar;D:\developEnviromentQY\IDE\MAVEN\618Repository\org\slf4j\slf4j-api\1.7.26\slf4j-api-1.7.26.jar;D:\developEnviromentQY\IDE\MAVEN\618Repository\junit\junit\4.12\junit-4.12.jar;D:\developEnviromentQY\IDE\MAVEN\618Repository\org\assertj\assertj-core\3.11.1\assertj-core-3.11.1.jar;D:\developEnviromentQY\IDE\MAVEN\618Repository\org\mockito\mockito-core\2.23.4\mockito-core-2.23.4.jar;D:\developEnviromentQY\IDE\MAVEN\618Repository\net\bytebuddy\byte-buddy\1.9.12\byte-buddy-1.9.12.jar;D:\developEnviromentQY\IDE\MAVEN\618Repository\net\bytebuddy\byte-buddy-agent\1.9.12\byte-buddy-agent-1.9.12.jar;D:\developEnviromentQY\IDE\MAVEN\618Repository\org\objenesis\objenesis\2.6\objenesis-2.6.jar;D:\developEnviromentQY\IDE\MAVEN\618Repository\org\hamcrest\hamcrest-core\1.3\hamcrest-core-1.3.jar;D:\developEnviromentQY\IDE\MAVEN\618Repository\org\hamcrest\hamcrest-library\1.3\hamcrest-library-1.3.jar;D:\developEnviromentQY\IDE\MAVEN\618Repository\org\skyscreamer\jsonassert\1.5.0\jsonassert-1.5.0.jar;D:\developEnviromentQY\IDE\MAVEN\618Repository\com\vaadin\external\google\android-json\0.0.20131108.vaadin1\android-json-0.0.20131108.vaadin1.jar;D:\developEnviromentQY\IDE\MAVEN\618Repository\org\springframework\spring-test\5.1.6.RELEASE\spring-test-5.1.6.RELEASE.jar;D:\developEnviromentQY\IDE\MAVEN\618Repository\org\xmlunit\xmlunit-core\2.6.2\xmlunit-core-2.6.2.jar;"/>
    <property name="java.vm.vendor" value="Oracle Corporation"/>
    <property name="sun.arch.data.model" value="64"/>
    <property name="user.variant" value=""/>
    <property name="java.vendor.url" value="http://java.oracle.com/"/>
    <property name="user.timezone" value="Asia/Shanghai"/>
    <property name="java.vm.specification.version" value="1.8"/>
    <property name="os.name" value="Windows 7"/>
    <property name="user.country" value="CN"/>
    <property name="sun.java.launcher" value="SUN_STANDARD"/>
    <property name="sun.boot.library.path" value="D:\developEnviromentQY\jdk1.864\jdk1.8.0_131\jre\bin"/>
    <property name="sun.java.command" value="C:\Users\ADMINI~1\AppData\Local\Temp\surefire2355361602859784875\surefirebooter6548098432823016047.jar C:\Users\Administrator\AppData\Local\Temp\surefire2355361602859784875 2019-05-24T00-05-57_124-jvmRun1 surefire957525403751017089tmp surefire_03996154816503687505tmp"/>
    <property name="surefire.test.class.path" value="F:\workspace\pudding-kernel\kernel-logger\target\test-classes;F:\workspace\pudding-kernel\kernel-logger\target\classes;D:\developEnviromentQY\IDE\MAVEN\618Repository\com\mohism\pudding\kernel-core\0.0.1\kernel-core-0.0.1.jar;D:\developEnviromentQY\IDE\MAVEN\618Repository\com\mohism\pudding\kernel-model\0.0.1\kernel-model-0.0.1.jar;D:\developEnviromentQY\IDE\MAVEN\618Repository\mysql\mysql-connector-java\8.0.15\mysql-connector-java-8.0.15.jar;D:\developEnviromentQY\IDE\MAVEN\618Repository\com\baomidou\mybatis-plus-boot-starter\3.1.0\mybatis-plus-boot-starter-3.1.0.jar;D:\developEnviromentQY\IDE\MAVEN\618Repository\com\baomidou\mybatis-plus\3.1.0\mybatis-plus-3.1.0.jar;D:\developEnviromentQY\IDE\MAVEN\618Repository\com\baomidou\mybatis-plus-extension\3.1.0\mybatis-plus-extension-3.1.0.jar;D:\developEnviromentQY\IDE\MAVEN\618Repository\com\baomidou\mybatis-plus-core\3.1.0\mybatis-plus-core-3.1.0.jar;D:\developEnviromentQY\IDE\MAVEN\618Repository\com\baomidou\mybatis-plus-annotation\3.1.0\mybatis-plus-annotation-3.1.0.jar;D:\developEnviromentQY\IDE\MAVEN\618Repository\org\mybatis\mybatis\3.5.0\mybatis-3.5.0.jar;D:\developEnviromentQY\IDE\MAVEN\618Repository\com\github\jsqlparser\jsqlparser\1.4\jsqlparser-1.4.jar;D:\developEnviromentQY\IDE\MAVEN\618Repository\org\mybatis\mybatis-spring\2.0.0\mybatis-spring-2.0.0.jar;D:\developEnviromentQY\IDE\MAVEN\618Repository\org\springframework\boot\spring-boot-starter-jdbc\2.1.4.RELEASE\spring-boot-starter-jdbc-2.1.4.RELEASE.jar;D:\developEnviromentQY\IDE\MAVEN\618Repository\com\zaxxer\HikariCP\3.2.0\HikariCP-3.2.0.jar;D:\developEnviromentQY\IDE\MAVEN\618Repository\org\springframework\spring-jdbc\5.1.6.RELEASE\spring-jdbc-5.1.6.RELEASE.jar;D:\developEnviromentQY\IDE\MAVEN\618Repository\org\springframework\spring-tx\5.1.6.RELEASE\spring-tx-5.1.6.RELEASE.jar;D:\developEnviromentQY\IDE\MAVEN\618Repository\com\alibaba\druid\1.1.12\druid-1.1.12.jar;D:\developEnviromentQY\IDE\MAVEN\618Repository\cn\hutool\hutool-core\4.4.0\hutool-core-4.4.0.jar;D:\developEnviromentQY\IDE\MAVEN\618Repository\com\alibaba\fastjson\1.2.56\fastjson-1.2.56.jar;D:\developEnviromentQY\IDE\MAVEN\618Repository\org\springframework\boot\spring-boot-starter-aop\2.1.4.RELEASE\spring-boot-starter-aop-2.1.4.RELEASE.jar;D:\developEnviromentQY\IDE\MAVEN\618Repository\org\springframework\spring-aop\5.1.6.RELEASE\spring-aop-5.1.6.RELEASE.jar;D:\developEnviromentQY\IDE\MAVEN\618Repository\org\aspectj\aspectjweaver\1.9.2\aspectjweaver-1.9.2.jar;D:\developEnviromentQY\IDE\MAVEN\618Repository\com\mohism\pudding\kernel-validator\0.0.1\kernel-validator-0.0.1.jar;D:\developEnviromentQY\IDE\MAVEN\618Repository\org\projectlombok\lombok\1.18.4\lombok-1.18.4.jar;D:\developEnviromentQY\IDE\MAVEN\618Repository\org\springframework\boot\spring-boot-starter\2.1.4.RELEASE\spring-boot-starter-2.1.4.RELEASE.jar;D:\developEnviromentQY\IDE\MAVEN\618Repository\org\springframework\boot\spring-boot\2.1.4.RELEASE\spring-boot-2.1.4.RELEASE.jar;D:\developEnviromentQY\IDE\MAVEN\618Repository\org\springframework\spring-context\5.1.6.RELEASE\spring-context-5.1.6.RELEASE.jar;D:\developEnviromentQY\IDE\MAVEN\618Repository\org\springframework\spring-expression\5.1.6.RELEASE\spring-expression-5.1.6.RELEASE.jar;D:\developEnviromentQY\IDE\MAVEN\618Repository\org\springframework\boot\spring-boot-autoconfigure\2.1.4.RELEASE\spring-boot-autoconfigure-2.1.4.RELEASE.jar;D:\developEnviromentQY\IDE\MAVEN\618Repository\org\springframework\boot\spring-boot-starter-logging\2.1.4.RELEASE\spring-boot-starter-logging-2.1.4.RELEASE.jar;D:\developEnviromentQY\IDE\MAVEN\618Repository\ch\qos\logback\logback-classic\1.2.3\logback-classic-1.2.3.jar;D:\developEnviromentQY\IDE\MAVEN\618Repository\ch\qos\logback\logback-core\1.2.3\logback-core-1.2.3.jar;D:\developEnviromentQY\IDE\MAVEN\618Repository\org\apache\logging\log4j\log4j-to-slf4j\2.11.2\log4j-to-slf4j-2.11.2.jar;D:\developEnviromentQY\IDE\MAVEN\618Repository\org\apache\logging\log4j\log4j-api\2.11.2\log4j-api-2.11.2.jar;D:\developEnviromentQY\IDE\MAVEN\618Repository\org\slf4j\jul-to-slf4j\1.7.26\jul-to-slf4j-1.7.26.jar;D:\developEnviromentQY\IDE\MAVEN\618Repository\javax\annotation\javax.annotation-api\1.3.2\javax.annotation-api-1.3.2.jar;D:\developEnviromentQY\IDE\MAVEN\618Repository\org\springframework\spring-core\5.1.6.RELEASE\spring-core-5.1.6.RELEASE.jar;D:\developEnviromentQY\IDE\MAVEN\618Repository\org\springframework\spring-jcl\5.1.6.RELEASE\spring-jcl-5.1.6.RELEASE.jar;D:\developEnviromentQY\IDE\MAVEN\618Repository\org\yaml\snakeyaml\1.23\snakeyaml-1.23.jar;D:\developEnviromentQY\IDE\MAVEN\618Repository\javax\servlet\javax.servlet-api\4.0.1\javax.servlet-api-4.0.1.jar;D:\developEnviromentQY\IDE\MAVEN\618Repository\org\springframework\kafka\spring-kafka\1.2.2.RELEASE\spring-kafka-1.2.2.RELEASE.jar;D:\developEnviromentQY\IDE\MAVEN\618Repository\org\springframework\spring-messaging\5.1.6.RELEASE\spring-messaging-5.1.6.RELEASE.jar;D:\developEnviromentQY\IDE\MAVEN\618Repository\org\springframework\spring-beans\5.1.6.RELEASE\spring-beans-5.1.6.RELEASE.jar;D:\developEnviromentQY\IDE\MAVEN\618Repository\org\springframework\retry\spring-retry\1.2.4.RELEASE\spring-retry-1.2.4.RELEASE.jar;D:\developEnviromentQY\IDE\MAVEN\618Repository\org\apache\kafka\kafka-clients\2.0.1\kafka-clients-2.0.1.jar;D:\developEnviromentQY\IDE\MAVEN\618Repository\org\lz4\lz4-java\1.4.1\lz4-java-1.4.1.jar;D:\developEnviromentQY\IDE\MAVEN\618Repository\org\xerial\snappy\snappy-java\1.1.7.1\snappy-java-1.1.7.1.jar;D:\developEnviromentQY\IDE\MAVEN\618Repository\org\springframework\boot\spring-boot-configuration-processor\2.1.4.RELEASE\spring-boot-configuration-processor-2.1.4.RELEASE.jar;D:\developEnviromentQY\IDE\MAVEN\618Repository\org\springframework\boot\spring-boot-starter-test\2.1.4.RELEASE\spring-boot-starter-test-2.1.4.RELEASE.jar;D:\developEnviromentQY\IDE\MAVEN\618Repository\org\springframework\boot\spring-boot-test\2.1.4.RELEASE\spring-boot-test-2.1.4.RELEASE.jar;D:\developEnviromentQY\IDE\MAVEN\618Repository\org\springframework\boot\spring-boot-test-autoconfigure\2.1.4.RELEASE\spring-boot-test-autoconfigure-2.1.4.RELEASE.jar;D:\developEnviromentQY\IDE\MAVEN\618Repository\com\jayway\jsonpath\json-path\2.4.0\json-path-2.4.0.jar;D:\developEnviromentQY\IDE\MAVEN\618Repository\net\minidev\json-smart\2.3\json-smart-2.3.jar;D:\developEnviromentQY\IDE\MAVEN\618Repository\net\minidev\accessors-smart\1.2\accessors-smart-1.2.jar;D:\developEnviromentQY\IDE\MAVEN\618Repository\org\ow2\asm\asm\5.0.4\asm-5.0.4.jar;D:\developEnviromentQY\IDE\MAVEN\618Repository\org\slf4j\slf4j-api\1.7.26\slf4j-api-1.7.26.jar;D:\developEnviromentQY\IDE\MAVEN\618Repository\junit\junit\4.12\junit-4.12.jar;D:\developEnviromentQY\IDE\MAVEN\618Repository\org\assertj\assertj-core\3.11.1\assertj-core-3.11.1.jar;D:\developEnviromentQY\IDE\MAVEN\618Repository\org\mockito\mockito-core\2.23.4\mockito-core-2.23.4.jar;D:\developEnviromentQY\IDE\MAVEN\618Repository\net\bytebuddy\byte-buddy\1.9.12\byte-buddy-1.9.12.jar;D:\developEnviromentQY\IDE\MAVEN\618Repository\net\bytebuddy\byte-buddy-agent\1.9.12\byte-buddy-agent-1.9.12.jar;D:\developEnviromentQY\IDE\MAVEN\618Repository\org\objenesis\objenesis\2.6\objenesis-2.6.jar;D:\developEnviromentQY\IDE\MAVEN\618Repository\org\hamcrest\hamcrest-core\1.3\hamcrest-core-1.3.jar;D:\developEnviromentQY\IDE\MAVEN\618Repository\org\hamcrest\hamcrest-library\1.3\hamcrest-library-1.3.jar;D:\developEnviromentQY\IDE\MAVEN\618Repository\org\skyscreamer\jsonassert\1.5.0\jsonassert-1.5.0.jar;D:\developEnviromentQY\IDE\MAVEN\618Repository\com\vaadin\external\google\android-json\0.0.20131108.vaadin1\android-json-0.0.20131108.vaadin1.jar;D:\developEnviromentQY\IDE\MAVEN\618Repository\org\springframework\spring-test\5.1.6.RELEASE\spring-test-5.1.6.RELEASE.jar;D:\developEnviromentQY\IDE\MAVEN\618Repository\org\xmlunit\xmlunit-core\2.6.2\xmlunit-core-2.6.2.jar;"/>
    <property name="sun.cpu.endian" value="little"/>
    <property name="user.home" value="C:\Users\Administrator"/>
    <property name="user.language" value="zh"/>
    <property name="java.specification.vendor" value="Oracle Corporation"/>
    <property name="java.home" value="D:\developEnviromentQY\jdk1.864\jdk1.8.0_131\jre"/>
    <property name="basedir" value="F:\workspace\pudding-kernel\kernel-logger"/>
    <property name="file.separator" value="\"/>
    <property name="line.separator" value="&#10;"/>
    <property name="java.vm.specification.vendor" value="Oracle Corporation"/>
    <property name="java.specification.name" value="Java Platform API Specification"/>
    <property name="java.awt.graphicsenv" value="sun.awt.Win32GraphicsEnvironment"/>
    <property name="surefire.real.class.path" value="C:\Users\ADMINI~1\AppData\Local\Temp\surefire2355361602859784875\surefirebooter6548098432823016047.jar"/>
    <property name="sun.boot.class.path" value="D:\developEnviromentQY\jdk1.864\jdk1.8.0_131\jre\lib\resources.jar;D:\developEnviromentQY\jdk1.864\jdk1.8.0_131\jre\lib\rt.jar;D:\developEnviromentQY\jdk1.864\jdk1.8.0_131\jre\lib\sunrsasign.jar;D:\developEnviromentQY\jdk1.864\jdk1.8.0_131\jre\lib\jsse.jar;D:\developEnviromentQY\jdk1.864\jdk1.8.0_131\jre\lib\jce.jar;D:\developEnviromentQY\jdk1.864\jdk1.8.0_131\jre\lib\charsets.jar;D:\developEnviromentQY\jdk1.864\jdk1.8.0_131\jre\lib\jfr.jar;D:\developEnviromentQY\jdk1.864\jdk1.8.0_131\jre\classes"/>
    <property name="user.script" value=""/>
    <property name="sun.management.compiler" value="HotSpot 64-Bit Tiered Compilers"/>
    <property name="java.runtime.version" value="1.8.0_131-b11"/>
    <property name="user.name" value="Administrator"/>
    <property name="path.separator" value=";"/>
    <property name="os.version" value="6.1"/>
    <property name="java.endorsed.dirs" value="D:\developEnviromentQY\jdk1.864\jdk1.8.0_131\jre\lib\endorsed"/>
    <property name="java.runtime.name" value="Java(TM) SE Runtime Environment"/>
    <property name="file.encoding" value="GBK"/>
    <property name="java.vm.name" value="Java HotSpot(TM) 64-Bit Server VM"/>
    <property name="localRepository" value="D:\developEnviromentQY\IDE\MAVEN\618Repository"/>
    <property name="java.vendor.url.bug" value="http://bugreport.sun.com/bugreport/"/>
    <property name="java.io.tmpdir" value="C:\Users\ADMINI~1\AppData\Local\Temp\"/>
    <property name="idea.version" value="2018.1"/>
    <property name="java.version" value="1.8.0_131"/>
    <property name="user.dir" value="F:\workspace\pudding-kernel\kernel-logger"/>
    <property name="os.arch" value="amd64"/>
    <property name="java.vm.specification.name" value="Java Virtual Machine Specification"/>
    <property name="java.awt.printerjob" value="sun.awt.windows.WPrinterJob"/>
    <property name="sun.os.patch.level" value="Service Pack 1"/>
    <property name="java.library.path" value="D:\developEnviromentQY\jdk1.864\jdk1.8.0_131\jre\bin;C:\Windows\Sun\Java\bin;C:\Windows\system32;C:\Windows;C:\ProgramData\Oracle\Java\javapath;C:\Windows\system32;C:\Windows;C:\Windows\System32\Wbem;D:\developEnviromentQY\jdk1.864\jdk1.8.0_131\bin;D:\developEnviromentQY\jdk1.864\jdk1.8.0_131\jre\bin;C:\Windows\System32\WindowsPowerShell\v1.0\;C:\Program Files\Lenovo\Bluetooth Software\;C:\Program Files\Lenovo\Bluetooth Software\syswow64;D:\developEnviromentQY\dataBaseL\MySQL Server 5.5\bin;D:\developEnviromentQY\dataBase\MySQL Server 5.5\bin;%M2HOME%\bin;C:\Program Files\Git\cmd;D:\developEnviromentQY\server\wildfly-101.Final\bin;%ERLANG_HOME%\bin;F:\rabitMqSoftware\RabbitMQ Server\rabbitmq_server-3.6.6\sbin;F:\rabitMqSoftware\RabbitMQ Server\rabbitmq_server-3.6.6\ebin;D:\developEnviromentQY\server\apache-tomcat-8.5.9\bin\;C:\Program Files (x86)\Sybase\PowerDynamo\win32;D:\developEnviromentQY\front\nodejs\;D:\developEnviromentQY\node\nodejs\;D:\developEnviromentQY\gosdk\go\bin\;C:\Users\Administrator\AppData\Roaming\npm;."/>
    <property name="java.vm.info" value="mixed mode"/>
    <property name="java.vendor" value="Oracle Corporation"/>
    <property name="java.vm.version" value="25.131-b11"/>
    <property name="java.ext.dirs" value="D:\developEnviromentQY\jdk1.864\jdk1.8.0_131\jre\lib\ext;C:\Windows\Sun\Java\lib\ext"/>
    <property name="sun.io.unicode.encoding" value="UnicodeLittle"/>
    <property name="java.class.version" value="52.0"/>
  </properties>
  <testcase name="shouldAnswerWithTrue" classname="com.mohism.pudding.AppTest" time="0.003"/>
</testsuite>