<?xml version="1.0" encoding="UTF-8"?>
<testsuite xmlns:xsi="http://www.w3.org/2001/XMLSchema-instance" xsi:noNamespaceSchemaLocation="https://maven.apache.org/surefire/maven-surefire-plugin/xsd/surefire-test-report.xsd" name="com.mohism.pudding.AppTest" time="0.053" tests="1" errors="0" skipped="0" failures="0">
  <properties>
    <property name="sun.desktop" value="windows"/>
    <property name="awt.toolkit" value="sun.awt.windows.WToolkit"/>
    <property name="file.encoding.pkg" value="sun.io"/>
    <property name="java.specification.version" value="1.8"/>
    <property name="sun.cpu.isalist" value="amd64"/>
    <property name="sun.jnu.encoding" value="GBK"/>
    <property name="java.class.path" value="H:\devHyc\workspace\pudding-kernel\kernel-model\target\test-classes;H:\devHyc\workspace\pudding-kernel\kernel-model\target\classes;H:\devHyc\mvnRepository\com\baomidou\mybatis-plus\3.1.0\mybatis-plus-3.1.0.jar;H:\devHyc\mvnRepository\com\baomidou\mybatis-plus-extension\3.1.0\mybatis-plus-extension-3.1.0.jar;H:\devHyc\mvnRepository\com\baomidou\mybatis-plus-core\3.1.0\mybatis-plus-core-3.1.0.jar;H:\devHyc\mvnRepository\com\baomidou\mybatis-plus-annotation\3.1.0\mybatis-plus-annotation-3.1.0.jar;H:\devHyc\mvnRepository\org\mybatis\mybatis\3.5.0\mybatis-3.5.0.jar;H:\devHyc\mvnRepository\com\github\jsqlparser\jsqlparser\1.4\jsqlparser-1.4.jar;H:\devHyc\mvnRepository\org\mybatis\mybatis-spring\2.0.0\mybatis-spring-2.0.0.jar;H:\devHyc\mvnRepository\org\projectlombok\lombok\1.18.4\lombok-1.18.4.jar;H:\devHyc\mvnRepository\org\springframework\spring-web\5.1.6.RELEASE\spring-web-5.1.6.RELEASE.jar;H:\devHyc\mvnRepository\org\springframework\spring-beans\5.1.6.RELEASE\spring-beans-5.1.6.RELEASE.jar;H:\devHyc\mvnRepository\org\springframework\spring-core\5.1.6.RELEASE\spring-core-5.1.6.RELEASE.jar;H:\devHyc\mvnRepository\org\springframework\spring-jcl\5.1.6.RELEASE\spring-jcl-5.1.6.RELEASE.jar;H:\devHyc\mvnRepository\org\springframework\boot\spring-boot-configuration-processor\2.1.4.RELEASE\spring-boot-configuration-processor-2.1.4.RELEASE.jar;H:\devHyc\mvnRepository\org\springframework\boot\spring-boot-starter-test\2.1.4.RELEASE\spring-boot-starter-test-2.1.4.RELEASE.jar;H:\devHyc\mvnRepository\org\springframework\boot\spring-boot-starter\2.1.4.RELEASE\spring-boot-starter-2.1.4.RELEASE.jar;H:\devHyc\mvnRepository\org\springframework\boot\spring-boot\2.1.4.RELEASE\spring-boot-2.1.4.RELEASE.jar;H:\devHyc\mvnRepository\org\springframework\spring-context\5.1.6.RELEASE\spring-context-5.1.6.RELEASE.jar;H:\devHyc\mvnRepository\org\springframework\spring-aop\5.1.6.RELEASE\spring-aop-5.1.6.RELEASE.jar;H:\devHyc\mvnRepository\org\springframework\spring-expression\5.1.6.RELEASE\spring-expression-5.1.6.RELEASE.jar;H:\devHyc\mvnRepository\org\springframework\boot\spring-boot-autoconfigure\2.1.4.RELEASE\spring-boot-autoconfigure-2.1.4.RELEASE.jar;H:\devHyc\mvnRepository\org\springframework\boot\spring-boot-starter-logging\2.1.4.RELEASE\spring-boot-starter-logging-2.1.4.RELEASE.jar;H:\devHyc\mvnRepository\ch\qos\logback\logback-classic\1.2.3\logback-classic-1.2.3.jar;H:\devHyc\mvnRepository\ch\qos\logback\logback-core\1.2.3\logback-core-1.2.3.jar;H:\devHyc\mvnRepository\org\apache\logging\log4j\log4j-to-slf4j\2.11.2\log4j-to-slf4j-2.11.2.jar;H:\devHyc\mvnRepository\org\apache\logging\log4j\log4j-api\2.11.2\log4j-api-2.11.2.jar;H:\devHyc\mvnRepository\org\slf4j\jul-to-slf4j\1.7.26\jul-to-slf4j-1.7.26.jar;H:\devHyc\mvnRepository\javax\annotation\javax.annotation-api\1.3.2\javax.annotation-api-1.3.2.jar;H:\devHyc\mvnRepository\org\yaml\snakeyaml\1.23\snakeyaml-1.23.jar;H:\devHyc\mvnRepository\org\springframework\boot\spring-boot-test\2.1.4.RELEASE\spring-boot-test-2.1.4.RELEASE.jar;H:\devHyc\mvnRepository\org\springframework\boot\spring-boot-test-autoconfigure\2.1.4.RELEASE\spring-boot-test-autoconfigure-2.1.4.RELEASE.jar;H:\devHyc\mvnRepository\com\jayway\jsonpath\json-path\2.4.0\json-path-2.4.0.jar;H:\devHyc\mvnRepository\net\minidev\json-smart\2.3\json-smart-2.3.jar;H:\devHyc\mvnRepository\net\minidev\accessors-smart\1.2\accessors-smart-1.2.jar;H:\devHyc\mvnRepository\org\ow2\asm\asm\5.0.4\asm-5.0.4.jar;H:\devHyc\mvnRepository\org\slf4j\slf4j-api\1.7.26\slf4j-api-1.7.26.jar;H:\devHyc\mvnRepository\junit\junit\4.12\junit-4.12.jar;H:\devHyc\mvnRepository\org\assertj\assertj-core\3.11.1\assertj-core-3.11.1.jar;H:\devHyc\mvnRepository\org\mockito\mockito-core\2.23.4\mockito-core-2.23.4.jar;H:\devHyc\mvnRepository\net\bytebuddy\byte-buddy\1.9.12\byte-buddy-1.9.12.jar;H:\devHyc\mvnRepository\net\bytebuddy\byte-buddy-agent\1.9.12\byte-buddy-agent-1.9.12.jar;H:\devHyc\mvnRepository\org\objenesis\objenesis\2.6\objenesis-2.6.jar;H:\devHyc\mvnRepository\org\hamcrest\hamcrest-core\1.3\hamcrest-core-1.3.jar;H:\devHyc\mvnRepository\org\hamcrest\hamcrest-library\1.3\hamcrest-library-1.3.jar;H:\devHyc\mvnRepository\org\skyscreamer\jsonassert\1.5.0\jsonassert-1.5.0.jar;H:\devHyc\mvnRepository\com\vaadin\external\google\android-json\0.0.20131108.vaadin1\android-json-0.0.20131108.vaadin1.jar;H:\devHyc\mvnRepository\org\springframework\spring-test\5.1.6.RELEASE\spring-test-5.1.6.RELEASE.jar;H:\devHyc\mvnRepository\org\xmlunit\xmlunit-core\2.6.2\xmlunit-core-2.6.2.jar;"/>
    <property name="java.vm.vendor" value="Oracle Corporation"/>
    <property name="sun.arch.data.model" value="64"/>
    <property name="user.variant" value=""/>
    <property name="java.vendor.url" value="http://java.oracle.com/"/>
    <property name="user.timezone" value="Asia/Shanghai"/>
    <property name="java.vm.specification.version" value="1.8"/>
    <property name="os.name" value="Windows 10"/>
    <property name="user.country" value="CN"/>
    <property name="sun.java.launcher" value="SUN_STANDARD"/>
    <property name="sun.boot.library.path" value="D:\devHYC\JDK\jdk18\jre\bin"/>
    <property name="sun.java.command" value="C:\Users\Lenovo\AppData\Local\Temp\surefire5820872369648164404\surefirebooter3332293676645106566.jar C:\Users\Lenovo\AppData\Local\Temp\surefire5820872369648164404 2019-05-21T16-20-26_263-jvmRun1 surefire2740032333217055802tmp surefire_04102146135131516617tmp"/>
    <property name="surefire.test.class.path" value="H:\devHyc\workspace\pudding-kernel\kernel-model\target\test-classes;H:\devHyc\workspace\pudding-kernel\kernel-model\target\classes;H:\devHyc\mvnRepository\com\baomidou\mybatis-plus\3.1.0\mybatis-plus-3.1.0.jar;H:\devHyc\mvnRepository\com\baomidou\mybatis-plus-extension\3.1.0\mybatis-plus-extension-3.1.0.jar;H:\devHyc\mvnRepository\com\baomidou\mybatis-plus-core\3.1.0\mybatis-plus-core-3.1.0.jar;H:\devHyc\mvnRepository\com\baomidou\mybatis-plus-annotation\3.1.0\mybatis-plus-annotation-3.1.0.jar;H:\devHyc\mvnRepository\org\mybatis\mybatis\3.5.0\mybatis-3.5.0.jar;H:\devHyc\mvnRepository\com\github\jsqlparser\jsqlparser\1.4\jsqlparser-1.4.jar;H:\devHyc\mvnRepository\org\mybatis\mybatis-spring\2.0.0\mybatis-spring-2.0.0.jar;H:\devHyc\mvnRepository\org\projectlombok\lombok\1.18.4\lombok-1.18.4.jar;H:\devHyc\mvnRepository\org\springframework\spring-web\5.1.6.RELEASE\spring-web-5.1.6.RELEASE.jar;H:\devHyc\mvnRepository\org\springframework\spring-beans\5.1.6.RELEASE\spring-beans-5.1.6.RELEASE.jar;H:\devHyc\mvnRepository\org\springframework\spring-core\5.1.6.RELEASE\spring-core-5.1.6.RELEASE.jar;H:\devHyc\mvnRepository\org\springframework\spring-jcl\5.1.6.RELEASE\spring-jcl-5.1.6.RELEASE.jar;H:\devHyc\mvnRepository\org\springframework\boot\spring-boot-configuration-processor\2.1.4.RELEASE\spring-boot-configuration-processor-2.1.4.RELEASE.jar;H:\devHyc\mvnRepository\org\springframework\boot\spring-boot-starter-test\2.1.4.RELEASE\spring-boot-starter-test-2.1.4.RELEASE.jar;H:\devHyc\mvnRepository\org\springframework\boot\spring-boot-starter\2.1.4.RELEASE\spring-boot-starter-2.1.4.RELEASE.jar;H:\devHyc\mvnRepository\org\springframework\boot\spring-boot\2.1.4.RELEASE\spring-boot-2.1.4.RELEASE.jar;H:\devHyc\mvnRepository\org\springframework\spring-context\5.1.6.RELEASE\spring-context-5.1.6.RELEASE.jar;H:\devHyc\mvnRepository\org\springframework\spring-aop\5.1.6.RELEASE\spring-aop-5.1.6.RELEASE.jar;H:\devHyc\mvnRepository\org\springframework\spring-expression\5.1.6.RELEASE\spring-expression-5.1.6.RELEASE.jar;H:\devHyc\mvnRepository\org\springframework\boot\spring-boot-autoconfigure\2.1.4.RELEASE\spring-boot-autoconfigure-2.1.4.RELEASE.jar;H:\devHyc\mvnRepository\org\springframework\boot\spring-boot-starter-logging\2.1.4.RELEASE\spring-boot-starter-logging-2.1.4.RELEASE.jar;H:\devHyc\mvnRepository\ch\qos\logback\logback-classic\1.2.3\logback-classic-1.2.3.jar;H:\devHyc\mvnRepository\ch\qos\logback\logback-core\1.2.3\logback-core-1.2.3.jar;H:\devHyc\mvnRepository\org\apache\logging\log4j\log4j-to-slf4j\2.11.2\log4j-to-slf4j-2.11.2.jar;H:\devHyc\mvnRepository\org\apache\logging\log4j\log4j-api\2.11.2\log4j-api-2.11.2.jar;H:\devHyc\mvnRepository\org\slf4j\jul-to-slf4j\1.7.26\jul-to-slf4j-1.7.26.jar;H:\devHyc\mvnRepository\javax\annotation\javax.annotation-api\1.3.2\javax.annotation-api-1.3.2.jar;H:\devHyc\mvnRepository\org\yaml\snakeyaml\1.23\snakeyaml-1.23.jar;H:\devHyc\mvnRepository\org\springframework\boot\spring-boot-test\2.1.4.RELEASE\spring-boot-test-2.1.4.RELEASE.jar;H:\devHyc\mvnRepository\org\springframework\boot\spring-boot-test-autoconfigure\2.1.4.RELEASE\spring-boot-test-autoconfigure-2.1.4.RELEASE.jar;H:\devHyc\mvnRepository\com\jayway\jsonpath\json-path\2.4.0\json-path-2.4.0.jar;H:\devHyc\mvnRepository\net\minidev\json-smart\2.3\json-smart-2.3.jar;H:\devHyc\mvnRepository\net\minidev\accessors-smart\1.2\accessors-smart-1.2.jar;H:\devHyc\mvnRepository\org\ow2\asm\asm\5.0.4\asm-5.0.4.jar;H:\devHyc\mvnRepository\org\slf4j\slf4j-api\1.7.26\slf4j-api-1.7.26.jar;H:\devHyc\mvnRepository\junit\junit\4.12\junit-4.12.jar;H:\devHyc\mvnRepository\org\assertj\assertj-core\3.11.1\assertj-core-3.11.1.jar;H:\devHyc\mvnRepository\org\mockito\mockito-core\2.23.4\mockito-core-2.23.4.jar;H:\devHyc\mvnRepository\net\bytebuddy\byte-buddy\1.9.12\byte-buddy-1.9.12.jar;H:\devHyc\mvnRepository\net\bytebuddy\byte-buddy-agent\1.9.12\byte-buddy-agent-1.9.12.jar;H:\devHyc\mvnRepository\org\objenesis\objenesis\2.6\objenesis-2.6.jar;H:\devHyc\mvnRepository\org\hamcrest\hamcrest-core\1.3\hamcrest-core-1.3.jar;H:\devHyc\mvnRepository\org\hamcrest\hamcrest-library\1.3\hamcrest-library-1.3.jar;H:\devHyc\mvnRepository\org\skyscreamer\jsonassert\1.5.0\jsonassert-1.5.0.jar;H:\devHyc\mvnRepository\com\vaadin\external\google\android-json\0.0.20131108.vaadin1\android-json-0.0.20131108.vaadin1.jar;H:\devHyc\mvnRepository\org\springframework\spring-test\5.1.6.RELEASE\spring-test-5.1.6.RELEASE.jar;H:\devHyc\mvnRepository\org\xmlunit\xmlunit-core\2.6.2\xmlunit-core-2.6.2.jar;"/>
    <property name="sun.cpu.endian" value="little"/>
    <property name="user.home" value="C:\Users\Lenovo"/>
    <property name="user.language" value="zh"/>
    <property name="java.specification.vendor" value="Oracle Corporation"/>
    <property name="java.home" value="D:\devHYC\JDK\jdk18\jre"/>
    <property name="basedir" value="H:\devHyc\workspace\pudding-kernel\kernel-model"/>
    <property name="file.separator" value="\"/>
    <property name="line.separator" value="&#10;"/>
    <property name="java.vm.specification.vendor" value="Oracle Corporation"/>
    <property name="java.specification.name" value="Java Platform API Specification"/>
    <property name="java.awt.graphicsenv" value="sun.awt.Win32GraphicsEnvironment"/>
    <property name="surefire.real.class.path" value="C:\Users\Lenovo\AppData\Local\Temp\surefire5820872369648164404\surefirebooter3332293676645106566.jar"/>
    <property name="sun.boot.class.path" value="D:\devHYC\JDK\jdk18\jre\lib\resources.jar;D:\devHYC\JDK\jdk18\jre\lib\rt.jar;D:\devHYC\JDK\jdk18\jre\lib\sunrsasign.jar;D:\devHYC\JDK\jdk18\jre\lib\jsse.jar;D:\devHYC\JDK\jdk18\jre\lib\jce.jar;D:\devHYC\JDK\jdk18\jre\lib\charsets.jar;D:\devHYC\JDK\jdk18\jre\lib\jfr.jar;D:\devHYC\JDK\jdk18\jre\classes"/>
    <property name="user.script" value=""/>
    <property name="sun.management.compiler" value="HotSpot 64-Bit Tiered Compilers"/>
    <property name="java.runtime.version" value="1.8.0_181-b13"/>
    <property name="user.name" value="Lenovo"/>
    <property name="path.separator" value=";"/>
    <property name="os.version" value="10.0"/>
    <property name="java.endorsed.dirs" value="D:\devHYC\JDK\jdk18\jre\lib\endorsed"/>
    <property name="java.runtime.name" value="Java(TM) SE Runtime Environment"/>
    <property name="file.encoding" value="GBK"/>
    <property name="java.vm.name" value="Java HotSpot(TM) 64-Bit Server VM"/>
    <property name="localRepository" value="H:\devHyc\mvnRepository"/>
    <property name="java.vendor.url.bug" value="http://bugreport.sun.com/bugreport/"/>
    <property name="java.io.tmpdir" value="C:\Users\Lenovo\AppData\Local\Temp\"/>
    <property name="java.version" value="1.8.0_181"/>
    <property name="user.dir" value="H:\devHyc\workspace\pudding-kernel\kernel-model"/>
    <property name="os.arch" value="amd64"/>
    <property name="java.vm.specification.name" value="Java Virtual Machine Specification"/>
    <property name="java.awt.printerjob" value="sun.awt.windows.WPrinterJob"/>
    <property name="sun.os.patch.level" value=""/>
    <property name="idea.version2019.1.1" value="true"/>
    <property name="java.library.path" value="D:\devHYC\JDK\jdk18\jre\bin;C:\WINDOWS\Sun\Java\bin;C:\WINDOWS\system32;C:\WINDOWS;F:\software\xshell\Xshell 6\;C:\Program Files (x86)\Common Files\Oracle\Java\javapath;C:\Program Files (x86)\Intel\iCLS Client\;C:\Program Files\Intel\iCLS Client\;C:\WINDOWS\system32;C:\WINDOWS;C:\WINDOWS\System32\Wbem;C:\WINDOWS\System32\WindowsPowerShell\v1.0\;C:\Program Files (x86)\Intel\Intel(R) Management Engine Components\DAL;C:\Program Files\Intel\Intel(R) Management Engine Components\DAL;C:\Program Files (x86)\Intel\Intel(R) Management Engine Components\IPT;C:\Program Files\Intel\Intel(R) Management Engine Components\IPT;D:\devHYC\JDK\jdk18\bin;D:\devHYC\JDK\jdk18\jre\bin;D:\devHYC\IDE\maven\apache-maven-3.3.9\bin;D:\devHYC\devTools\svn\bin;D:\devHYC\dataBase\mysql-5.7.21\bin;C:\WINDOWS\System32\OpenSSH\;D:\devHYC\vcs\Git\cmd;F:\software\nodejs\;D:\devHYC\SDK\Go\bin;C:\Users\Lenovo\AppData\Local\Microsoft\WindowsApps;C:\Users\Lenovo\AppData\Roaming\npm;C:\Users\Lenovo\go\bin;."/>
    <property name="java.vm.info" value="mixed mode"/>
    <property name="java.vendor" value="Oracle Corporation"/>
    <property name="java.vm.version" value="25.181-b13"/>
    <property name="java.ext.dirs" value="D:\devHYC\JDK\jdk18\jre\lib\ext;C:\WINDOWS\Sun\Java\lib\ext"/>
    <property name="sun.io.unicode.encoding" value="UnicodeLittle"/>
    <property name="maven.repo.local" value="H:\devHyc\mvnRepository"/>
    <property name="java.class.version" value="52.0"/>
  </properties>
  <testcase name="shouldAnswerWithTrue" classname="com.mohism.pudding.AppTest" time="0.002"/>
</testsuite>